2025/01/03 14:57:49 [error] [exception.CHttpException.404] CHttpException: The system is unable to find the requested action "form". in /var/www/html/yii/framework/web/CController.php:486
Stack trace:
#0 /var/www/html/yii/framework/web/CController.php(270): CController->missingAction()
#1 /var/www/html/yii/framework/web/CWebApplication.php(282): CController->run()
#2 /var/www/html/yii/framework/web/CWebApplication.php(141): CWebApplication->runController()
#3 /var/www/html/yii/framework/base/CApplication.php(185): CWebApplication->processRequest()
#4 /var/www/html/myapp/index.php(13): CApplication->run()
#5 {main}
REQUEST_URI=/myapp/index.php/site/form
---
2025/01/03 14:58:37 [error] [exception.CHttpException.404] CHttpException: Unable to resolve the request "form". in /var/www/html/yii/framework/web/CWebApplication.php:286
Stack trace:
#0 /var/www/html/yii/framework/web/CWebApplication.php(141): CWebApplication->runController()
#1 /var/www/html/yii/framework/base/CApplication.php(185): CWebApplication->processRequest()
#2 /var/www/html/myapp/index.php(13): CApplication->run()
#3 {main}
REQUEST_URI=/myapp/index.php/form
---
2025/01/03 14:58:59 [error] [exception.CHttpException.404] CHttpException: Unable to resolve the request "sitecontroller". in /var/www/html/yii/framework/web/CWebApplication.php:286
Stack trace:
#0 /var/www/html/yii/framework/web/CWebApplication.php(141): CWebApplication->runController()
#1 /var/www/html/yii/framework/base/CApplication.php(185): CWebApplication->processRequest()
#2 /var/www/html/myapp/index.php(13): CApplication->run()
#3 {main}
REQUEST_URI=/myapp/index.php/sitecontroller/
---
2025/01/03 15:01:29 [error] [exception.CHttpException.404] CHttpException: Unable to resolve the request "testingcontroller". in /var/www/html/yii/framework/web/CWebApplication.php:286
Stack trace:
#0 /var/www/html/yii/framework/web/CWebApplication.php(141): CWebApplication->runController()
#1 /var/www/html/yii/framework/base/CApplication.php(185): CWebApplication->processRequest()
#2 /var/www/html/myapp/index.php(13): CApplication->run()
#3 {main}
REQUEST_URI=/myapp/index.php/testingcontroller/
---
2025/01/03 15:07:28 [error] [exception.CHttpException.404] CHttpException: Unable to resolve the request "testing". in /var/www/html/yii/framework/web/CWebApplication.php:286
Stack trace:
#0 /var/www/html/yii/framework/web/CWebApplication.php(141): CWebApplication->runController()
#1 /var/www/html/yii/framework/base/CApplication.php(185): CWebApplication->processRequest()
#2 /var/www/html/myapp/index.php(13): CApplication->run()
#3 {main}
REQUEST_URI=/myapp/index.php/testing/
---
2025/01/03 15:08:33 [error] [exception.CException] CException: UserController cannot find the requested view "form". in /var/www/html/yii/framework/web/CController.php:881
Stack trace:
#0 /var/www/html/yii/framework/web/CController.php(785): CController->renderPartial()
#1 /var/www/html/myapp/protected/controllers/UserController.php(16): CController->render()
#2 /var/www/html/yii/framework/web/actions/CInlineAction.php(49): UserController->actionForm()
#3 /var/www/html/yii/framework/web/CController.php(308): CInlineAction->runWithParams()
#4 /var/www/html/yii/framework/web/CController.php(286): CController->runAction()
#5 /var/www/html/yii/framework/web/CController.php(265): CController->runActionWithFilters()
#6 /var/www/html/yii/framework/web/CWebApplication.php(282): CController->run()
#7 /var/www/html/yii/framework/web/CWebApplication.php(141): CWebApplication->runController()
#8 /var/www/html/yii/framework/base/CApplication.php(185): CWebApplication->processRequest()
#9 /var/www/html/myapp/index.php(13): CApplication->run()
#10 {main}
REQUEST_URI=/myapp/index.php/user/form/
---
2025/01/03 15:10:57 [error] [exception.CException] CException: UserController cannot find the requested view "form". in /var/www/html/yii/framework/web/CController.php:881
Stack trace:
#0 /var/www/html/yii/framework/web/CController.php(785): CController->renderPartial()
#1 /var/www/html/myapp/protected/controllers/UserController.php(16): CController->render()
#2 /var/www/html/yii/framework/web/actions/CInlineAction.php(49): UserController->actionForm()
#3 /var/www/html/yii/framework/web/CController.php(308): CInlineAction->runWithParams()
#4 /var/www/html/yii/framework/web/CController.php(286): CController->runAction()
#5 /var/www/html/yii/framework/web/CController.php(265): CController->runActionWithFilters()
#6 /var/www/html/yii/framework/web/CWebApplication.php(282): CController->run()
#7 /var/www/html/yii/framework/web/CWebApplication.php(141): CWebApplication->runController()
#8 /var/www/html/yii/framework/base/CApplication.php(185): CWebApplication->processRequest()
#9 /var/www/html/myapp/index.php(13): CApplication->run()
#10 {main}
REQUEST_URI=/myapp/index.php/user/form/
---
2025/01/03 15:10:57 [error] [exception.CException] CException: UserController cannot find the requested view "form". in /var/www/html/yii/framework/web/CController.php:881
Stack trace:
#0 /var/www/html/yii/framework/web/CController.php(785): CController->renderPartial()
#1 /var/www/html/myapp/protected/controllers/UserController.php(16): CController->render()
#2 /var/www/html/yii/framework/web/actions/CInlineAction.php(49): UserController->actionForm()
#3 /var/www/html/yii/framework/web/CController.php(308): CInlineAction->runWithParams()
#4 /var/www/html/yii/framework/web/CController.php(286): CController->runAction()
#5 /var/www/html/yii/framework/web/CController.php(265): CController->runActionWithFilters()
#6 /var/www/html/yii/framework/web/CWebApplication.php(282): CController->run()
#7 /var/www/html/yii/framework/web/CWebApplication.php(141): CWebApplication->runController()
#8 /var/www/html/yii/framework/base/CApplication.php(185): CWebApplication->processRequest()
#9 /var/www/html/myapp/index.php(13): CApplication->run()
#10 {main}
REQUEST_URI=/myapp/index.php/user/form/
---
2025/01/03 15:10:58 [error] [exception.CException] CException: UserController cannot find the requested view "form". in /var/www/html/yii/framework/web/CController.php:881
Stack trace:
#0 /var/www/html/yii/framework/web/CController.php(785): CController->renderPartial()
#1 /var/www/html/myapp/protected/controllers/UserController.php(16): CController->render()
#2 /var/www/html/yii/framework/web/actions/CInlineAction.php(49): UserController->actionForm()
#3 /var/www/html/yii/framework/web/CController.php(308): CInlineAction->runWithParams()
#4 /var/www/html/yii/framework/web/CController.php(286): CController->runAction()
#5 /var/www/html/yii/framework/web/CController.php(265): CController->runActionWithFilters()
#6 /var/www/html/yii/framework/web/CWebApplication.php(282): CController->run()
#7 /var/www/html/yii/framework/web/CWebApplication.php(141): CWebApplication->runController()
#8 /var/www/html/yii/framework/base/CApplication.php(185): CWebApplication->processRequest()
#9 /var/www/html/myapp/index.php(13): CApplication->run()
#10 {main}
REQUEST_URI=/myapp/index.php/user/form/
---
2025/01/03 15:10:58 [error] [exception.CException] CException: UserController cannot find the requested view "form". in /var/www/html/yii/framework/web/CController.php:881
Stack trace:
#0 /var/www/html/yii/framework/web/CController.php(785): CController->renderPartial()
#1 /var/www/html/myapp/protected/controllers/UserController.php(16): CController->render()
#2 /var/www/html/yii/framework/web/actions/CInlineAction.php(49): UserController->actionForm()
#3 /var/www/html/yii/framework/web/CController.php(308): CInlineAction->runWithParams()
#4 /var/www/html/yii/framework/web/CController.php(286): CController->runAction()
#5 /var/www/html/yii/framework/web/CController.php(265): CController->runActionWithFilters()
#6 /var/www/html/yii/framework/web/CWebApplication.php(282): CController->run()
#7 /var/www/html/yii/framework/web/CWebApplication.php(141): CWebApplication->runController()
#8 /var/www/html/yii/framework/base/CApplication.php(185): CWebApplication->processRequest()
#9 /var/www/html/myapp/index.php(13): CApplication->run()
#10 {main}
REQUEST_URI=/myapp/index.php/user/form/
---
2025/01/03 15:10:58 [error] [exception.CException] CException: UserController cannot find the requested view "form". in /var/www/html/yii/framework/web/CController.php:881
Stack trace:
#0 /var/www/html/yii/framework/web/CController.php(785): CController->renderPartial()
#1 /var/www/html/myapp/protected/controllers/UserController.php(16): CController->render()
#2 /var/www/html/yii/framework/web/actions/CInlineAction.php(49): UserController->actionForm()
#3 /var/www/html/yii/framework/web/CController.php(308): CInlineAction->runWithParams()
#4 /var/www/html/yii/framework/web/CController.php(286): CController->runAction()
#5 /var/www/html/yii/framework/web/CController.php(265): CController->runActionWithFilters()
#6 /var/www/html/yii/framework/web/CWebApplication.php(282): CController->run()
#7 /var/www/html/yii/framework/web/CWebApplication.php(141): CWebApplication->runController()
#8 /var/www/html/yii/framework/base/CApplication.php(185): CWebApplication->processRequest()
#9 /var/www/html/myapp/index.php(13): CApplication->run()
#10 {main}
REQUEST_URI=/myapp/index.php/user/form/
---
2025/01/03 15:10:58 [error] [exception.CException] CException: UserController cannot find the requested view "form". in /var/www/html/yii/framework/web/CController.php:881
Stack trace:
#0 /var/www/html/yii/framework/web/CController.php(785): CController->renderPartial()
#1 /var/www/html/myapp/protected/controllers/UserController.php(16): CController->render()
#2 /var/www/html/yii/framework/web/actions/CInlineAction.php(49): UserController->actionForm()
#3 /var/www/html/yii/framework/web/CController.php(308): CInlineAction->runWithParams()
#4 /var/www/html/yii/framework/web/CController.php(286): CController->runAction()
#5 /var/www/html/yii/framework/web/CController.php(265): CController->runActionWithFilters()
#6 /var/www/html/yii/framework/web/CWebApplication.php(282): CController->run()
#7 /var/www/html/yii/framework/web/CWebApplication.php(141): CWebApplication->runController()
#8 /var/www/html/yii/framework/base/CApplication.php(185): CWebApplication->processRequest()
#9 /var/www/html/myapp/index.php(13): CApplication->run()
#10 {main}
REQUEST_URI=/myapp/index.php/user/form/
---
2025/01/03 15:11:37 [error] [exception.CException] CException: UserController cannot find the requested view "form". in /var/www/html/yii/framework/web/CController.php:881
Stack trace:
#0 /var/www/html/yii/framework/web/CController.php(785): CController->renderPartial()
#1 /var/www/html/myapp/protected/controllers/UserController.php(16): CController->render()
#2 /var/www/html/yii/framework/web/actions/CInlineAction.php(49): UserController->actionForm()
#3 /var/www/html/yii/framework/web/CController.php(308): CInlineAction->runWithParams()
#4 /var/www/html/yii/framework/web/CController.php(286): CController->runAction()
#5 /var/www/html/yii/framework/web/CController.php(265): CController->runActionWithFilters()
#6 /var/www/html/yii/framework/web/CWebApplication.php(282): CController->run()
#7 /var/www/html/yii/framework/web/CWebApplication.php(141): CWebApplication->runController()
#8 /var/www/html/yii/framework/base/CApplication.php(185): CWebApplication->processRequest()
#9 /var/www/html/myapp/index.php(13): CApplication->run()
#10 {main}
REQUEST_URI=/myapp/index.php/user/form/
---
2025/01/03 15:11:37 [error] [exception.CException] CException: UserController cannot find the requested view "form". in /var/www/html/yii/framework/web/CController.php:881
Stack trace:
#0 /var/www/html/yii/framework/web/CController.php(785): CController->renderPartial()
#1 /var/www/html/myapp/protected/controllers/UserController.php(16): CController->render()
#2 /var/www/html/yii/framework/web/actions/CInlineAction.php(49): UserController->actionForm()
#3 /var/www/html/yii/framework/web/CController.php(308): CInlineAction->runWithParams()
#4 /var/www/html/yii/framework/web/CController.php(286): CController->runAction()
#5 /var/www/html/yii/framework/web/CController.php(265): CController->runActionWithFilters()
#6 /var/www/html/yii/framework/web/CWebApplication.php(282): CController->run()
#7 /var/www/html/yii/framework/web/CWebApplication.php(141): CWebApplication->runController()
#8 /var/www/html/yii/framework/base/CApplication.php(185): CWebApplication->processRequest()
#9 /var/www/html/myapp/index.php(13): CApplication->run()
#10 {main}
REQUEST_URI=/myapp/index.php/user/form/
---
2025/01/03 15:11:38 [error] [exception.CException] CException: UserController cannot find the requested view "form". in /var/www/html/yii/framework/web/CController.php:881
Stack trace:
#0 /var/www/html/yii/framework/web/CController.php(785): CController->renderPartial()
#1 /var/www/html/myapp/protected/controllers/UserController.php(16): CController->render()
#2 /var/www/html/yii/framework/web/actions/CInlineAction.php(49): UserController->actionForm()
#3 /var/www/html/yii/framework/web/CController.php(308): CInlineAction->runWithParams()
#4 /var/www/html/yii/framework/web/CController.php(286): CController->runAction()
#5 /var/www/html/yii/framework/web/CController.php(265): CController->runActionWithFilters()
#6 /var/www/html/yii/framework/web/CWebApplication.php(282): CController->run()
#7 /var/www/html/yii/framework/web/CWebApplication.php(141): CWebApplication->runController()
#8 /var/www/html/yii/framework/base/CApplication.php(185): CWebApplication->processRequest()
#9 /var/www/html/myapp/index.php(13): CApplication->run()
#10 {main}
REQUEST_URI=/myapp/index.php/user/form/
---
2025/01/03 15:11:38 [error] [exception.CException] CException: UserController cannot find the requested view "form". in /var/www/html/yii/framework/web/CController.php:881
Stack trace:
#0 /var/www/html/yii/framework/web/CController.php(785): CController->renderPartial()
#1 /var/www/html/myapp/protected/controllers/UserController.php(16): CController->render()
#2 /var/www/html/yii/framework/web/actions/CInlineAction.php(49): UserController->actionForm()
#3 /var/www/html/yii/framework/web/CController.php(308): CInlineAction->runWithParams()
#4 /var/www/html/yii/framework/web/CController.php(286): CController->runAction()
#5 /var/www/html/yii/framework/web/CController.php(265): CController->runActionWithFilters()
#6 /var/www/html/yii/framework/web/CWebApplication.php(282): CController->run()
#7 /var/www/html/yii/framework/web/CWebApplication.php(141): CWebApplication->runController()
#8 /var/www/html/yii/framework/base/CApplication.php(185): CWebApplication->processRequest()
#9 /var/www/html/myapp/index.php(13): CApplication->run()
#10 {main}
REQUEST_URI=/myapp/index.php/user/form/
---
2025/01/03 15:11:38 [error] [exception.CException] CException: UserController cannot find the requested view "form". in /var/www/html/yii/framework/web/CController.php:881
Stack trace:
#0 /var/www/html/yii/framework/web/CController.php(785): CController->renderPartial()
#1 /var/www/html/myapp/protected/controllers/UserController.php(16): CController->render()
#2 /var/www/html/yii/framework/web/actions/CInlineAction.php(49): UserController->actionForm()
#3 /var/www/html/yii/framework/web/CController.php(308): CInlineAction->runWithParams()
#4 /var/www/html/yii/framework/web/CController.php(286): CController->runAction()
#5 /var/www/html/yii/framework/web/CController.php(265): CController->runActionWithFilters()
#6 /var/www/html/yii/framework/web/CWebApplication.php(282): CController->run()
#7 /var/www/html/yii/framework/web/CWebApplication.php(141): CWebApplication->runController()
#8 /var/www/html/yii/framework/base/CApplication.php(185): CWebApplication->processRequest()
#9 /var/www/html/myapp/index.php(13): CApplication->run()
#10 {main}
REQUEST_URI=/myapp/index.php/user/form/
---
2025/01/03 15:11:38 [error] [exception.CException] CException: UserController cannot find the requested view "form". in /var/www/html/yii/framework/web/CController.php:881
Stack trace:
#0 /var/www/html/yii/framework/web/CController.php(785): CController->renderPartial()
#1 /var/www/html/myapp/protected/controllers/UserController.php(16): CController->render()
#2 /var/www/html/yii/framework/web/actions/CInlineAction.php(49): UserController->actionForm()
#3 /var/www/html/yii/framework/web/CController.php(308): CInlineAction->runWithParams()
#4 /var/www/html/yii/framework/web/CController.php(286): CController->runAction()
#5 /var/www/html/yii/framework/web/CController.php(265): CController->runActionWithFilters()
#6 /var/www/html/yii/framework/web/CWebApplication.php(282): CController->run()
#7 /var/www/html/yii/framework/web/CWebApplication.php(141): CWebApplication->runController()
#8 /var/www/html/yii/framework/base/CApplication.php(185): CWebApplication->processRequest()
#9 /var/www/html/myapp/index.php(13): CApplication->run()
#10 {main}
REQUEST_URI=/myapp/index.php/user/form/
---
2025/01/03 15:11:38 [error] [exception.CException] CException: UserController cannot find the requested view "form". in /var/www/html/yii/framework/web/CController.php:881
Stack trace:
#0 /var/www/html/yii/framework/web/CController.php(785): CController->renderPartial()
#1 /var/www/html/myapp/protected/controllers/UserController.php(16): CController->render()
#2 /var/www/html/yii/framework/web/actions/CInlineAction.php(49): UserController->actionForm()
#3 /var/www/html/yii/framework/web/CController.php(308): CInlineAction->runWithParams()
#4 /var/www/html/yii/framework/web/CController.php(286): CController->runAction()
#5 /var/www/html/yii/framework/web/CController.php(265): CController->runActionWithFilters()
#6 /var/www/html/yii/framework/web/CWebApplication.php(282): CController->run()
#7 /var/www/html/yii/framework/web/CWebApplication.php(141): CWebApplication->runController()
#8 /var/www/html/yii/framework/base/CApplication.php(185): CWebApplication->processRequest()
#9 /var/www/html/myapp/index.php(13): CApplication->run()
#10 {main}
REQUEST_URI=/myapp/index.php/user/form/
---
2025/01/03 15:11:39 [error] [exception.CException] CException: UserController cannot find the requested view "form". in /var/www/html/yii/framework/web/CController.php:881
Stack trace:
#0 /var/www/html/yii/framework/web/CController.php(785): CController->renderPartial()
#1 /var/www/html/myapp/protected/controllers/UserController.php(16): CController->render()
#2 /var/www/html/yii/framework/web/actions/CInlineAction.php(49): UserController->actionForm()
#3 /var/www/html/yii/framework/web/CController.php(308): CInlineAction->runWithParams()
#4 /var/www/html/yii/framework/web/CController.php(286): CController->runAction()
#5 /var/www/html/yii/framework/web/CController.php(265): CController->runActionWithFilters()
#6 /var/www/html/yii/framework/web/CWebApplication.php(282): CController->run()
#7 /var/www/html/yii/framework/web/CWebApplication.php(141): CWebApplication->runController()
#8 /var/www/html/yii/framework/base/CApplication.php(185): CWebApplication->processRequest()
#9 /var/www/html/myapp/index.php(13): CApplication->run()
#10 {main}
REQUEST_URI=/myapp/index.php/user/form/
---
2025/01/03 15:11:39 [error] [exception.CException] CException: UserController cannot find the requested view "form". in /var/www/html/yii/framework/web/CController.php:881
Stack trace:
#0 /var/www/html/yii/framework/web/CController.php(785): CController->renderPartial()
#1 /var/www/html/myapp/protected/controllers/UserController.php(16): CController->render()
#2 /var/www/html/yii/framework/web/actions/CInlineAction.php(49): UserController->actionForm()
#3 /var/www/html/yii/framework/web/CController.php(308): CInlineAction->runWithParams()
#4 /var/www/html/yii/framework/web/CController.php(286): CController->runAction()
#5 /var/www/html/yii/framework/web/CController.php(265): CController->runActionWithFilters()
#6 /var/www/html/yii/framework/web/CWebApplication.php(282): CController->run()
#7 /var/www/html/yii/framework/web/CWebApplication.php(141): CWebApplication->runController()
#8 /var/www/html/yii/framework/base/CApplication.php(185): CWebApplication->processRequest()
#9 /var/www/html/myapp/index.php(13): CApplication->run()
#10 {main}
REQUEST_URI=/myapp/index.php/user/form/
---
2025/01/03 15:11:39 [error] [exception.CException] CException: UserController cannot find the requested view "form". in /var/www/html/yii/framework/web/CController.php:881
Stack trace:
#0 /var/www/html/yii/framework/web/CController.php(785): CController->renderPartial()
#1 /var/www/html/myapp/protected/controllers/UserController.php(16): CController->render()
#2 /var/www/html/yii/framework/web/actions/CInlineAction.php(49): UserController->actionForm()
#3 /var/www/html/yii/framework/web/CController.php(308): CInlineAction->runWithParams()
#4 /var/www/html/yii/framework/web/CController.php(286): CController->runAction()
#5 /var/www/html/yii/framework/web/CController.php(265): CController->runActionWithFilters()
#6 /var/www/html/yii/framework/web/CWebApplication.php(282): CController->run()
#7 /var/www/html/yii/framework/web/CWebApplication.php(141): CWebApplication->runController()
#8 /var/www/html/yii/framework/base/CApplication.php(185): CWebApplication->processRequest()
#9 /var/www/html/myapp/index.php(13): CApplication->run()
#10 {main}
REQUEST_URI=/myapp/index.php/user/form/
---
2025/01/03 15:11:39 [error] [exception.CException] CException: UserController cannot find the requested view "form". in /var/www/html/yii/framework/web/CController.php:881
Stack trace:
#0 /var/www/html/yii/framework/web/CController.php(785): CController->renderPartial()
#1 /var/www/html/myapp/protected/controllers/UserController.php(16): CController->render()
#2 /var/www/html/yii/framework/web/actions/CInlineAction.php(49): UserController->actionForm()
#3 /var/www/html/yii/framework/web/CController.php(308): CInlineAction->runWithParams()
#4 /var/www/html/yii/framework/web/CController.php(286): CController->runAction()
#5 /var/www/html/yii/framework/web/CController.php(265): CController->runActionWithFilters()
#6 /var/www/html/yii/framework/web/CWebApplication.php(282): CController->run()
#7 /var/www/html/yii/framework/web/CWebApplication.php(141): CWebApplication->runController()
#8 /var/www/html/yii/framework/base/CApplication.php(185): CWebApplication->processRequest()
#9 /var/www/html/myapp/index.php(13): CApplication->run()
#10 {main}
REQUEST_URI=/myapp/index.php/user/form/
---
2025/01/03 15:11:39 [error] [exception.CException] CException: UserController cannot find the requested view "form". in /var/www/html/yii/framework/web/CController.php:881
Stack trace:
#0 /var/www/html/yii/framework/web/CController.php(785): CController->renderPartial()
#1 /var/www/html/myapp/protected/controllers/UserController.php(16): CController->render()
#2 /var/www/html/yii/framework/web/actions/CInlineAction.php(49): UserController->actionForm()
#3 /var/www/html/yii/framework/web/CController.php(308): CInlineAction->runWithParams()
#4 /var/www/html/yii/framework/web/CController.php(286): CController->runAction()
#5 /var/www/html/yii/framework/web/CController.php(265): CController->runActionWithFilters()
#6 /var/www/html/yii/framework/web/CWebApplication.php(282): CController->run()
#7 /var/www/html/yii/framework/web/CWebApplication.php(141): CWebApplication->runController()
#8 /var/www/html/yii/framework/base/CApplication.php(185): CWebApplication->processRequest()
#9 /var/www/html/myapp/index.php(13): CApplication->run()
#10 {main}
REQUEST_URI=/myapp/index.php/user/form/
---
2025/01/03 15:11:40 [error] [exception.CException] CException: UserController cannot find the requested view "form". in /var/www/html/yii/framework/web/CController.php:881
Stack trace:
#0 /var/www/html/yii/framework/web/CController.php(785): CController->renderPartial()
#1 /var/www/html/myapp/protected/controllers/UserController.php(16): CController->render()
#2 /var/www/html/yii/framework/web/actions/CInlineAction.php(49): UserController->actionForm()
#3 /var/www/html/yii/framework/web/CController.php(308): CInlineAction->runWithParams()
#4 /var/www/html/yii/framework/web/CController.php(286): CController->runAction()
#5 /var/www/html/yii/framework/web/CController.php(265): CController->runActionWithFilters()
#6 /var/www/html/yii/framework/web/CWebApplication.php(282): CController->run()
#7 /var/www/html/yii/framework/web/CWebApplication.php(141): CWebApplication->runController()
#8 /var/www/html/yii/framework/base/CApplication.php(185): CWebApplication->processRequest()
#9 /var/www/html/myapp/index.php(13): CApplication->run()
#10 {main}
REQUEST_URI=/myapp/index.php/user/form/
---
2025/01/03 15:11:40 [error] [exception.CException] CException: UserController cannot find the requested view "form". in /var/www/html/yii/framework/web/CController.php:881
Stack trace:
#0 /var/www/html/yii/framework/web/CController.php(785): CController->renderPartial()
#1 /var/www/html/myapp/protected/controllers/UserController.php(16): CController->render()
#2 /var/www/html/yii/framework/web/actions/CInlineAction.php(49): UserController->actionForm()
#3 /var/www/html/yii/framework/web/CController.php(308): CInlineAction->runWithParams()
#4 /var/www/html/yii/framework/web/CController.php(286): CController->runAction()
#5 /var/www/html/yii/framework/web/CController.php(265): CController->runActionWithFilters()
#6 /var/www/html/yii/framework/web/CWebApplication.php(282): CController->run()
#7 /var/www/html/yii/framework/web/CWebApplication.php(141): CWebApplication->runController()
#8 /var/www/html/yii/framework/base/CApplication.php(185): CWebApplication->processRequest()
#9 /var/www/html/myapp/index.php(13): CApplication->run()
#10 {main}
REQUEST_URI=/myapp/index.php/user/form/
---
2025/01/03 15:11:40 [error] [exception.CException] CException: UserController cannot find the requested view "form". in /var/www/html/yii/framework/web/CController.php:881
Stack trace:
#0 /var/www/html/yii/framework/web/CController.php(785): CController->renderPartial()
#1 /var/www/html/myapp/protected/controllers/UserController.php(16): CController->render()
#2 /var/www/html/yii/framework/web/actions/CInlineAction.php(49): UserController->actionForm()
#3 /var/www/html/yii/framework/web/CController.php(308): CInlineAction->runWithParams()
#4 /var/www/html/yii/framework/web/CController.php(286): CController->runAction()
#5 /var/www/html/yii/framework/web/CController.php(265): CController->runActionWithFilters()
#6 /var/www/html/yii/framework/web/CWebApplication.php(282): CController->run()
#7 /var/www/html/yii/framework/web/CWebApplication.php(141): CWebApplication->runController()
#8 /var/www/html/yii/framework/base/CApplication.php(185): CWebApplication->processRequest()
#9 /var/www/html/myapp/index.php(13): CApplication->run()
#10 {main}
REQUEST_URI=/myapp/index.php/user/form/
---
2025/01/03 15:11:40 [error] [exception.CException] CException: UserController cannot find the requested view "form". in /var/www/html/yii/framework/web/CController.php:881
Stack trace:
#0 /var/www/html/yii/framework/web/CController.php(785): CController->renderPartial()
#1 /var/www/html/myapp/protected/controllers/UserController.php(16): CController->render()
#2 /var/www/html/yii/framework/web/actions/CInlineAction.php(49): UserController->actionForm()
#3 /var/www/html/yii/framework/web/CController.php(308): CInlineAction->runWithParams()
#4 /var/www/html/yii/framework/web/CController.php(286): CController->runAction()
#5 /var/www/html/yii/framework/web/CController.php(265): CController->runActionWithFilters()
#6 /var/www/html/yii/framework/web/CWebApplication.php(282): CController->run()
#7 /var/www/html/yii/framework/web/CWebApplication.php(141): CWebApplication->runController()
#8 /var/www/html/yii/framework/base/CApplication.php(185): CWebApplication->processRequest()
#9 /var/www/html/myapp/index.php(13): CApplication->run()
#10 {main}
REQUEST_URI=/myapp/index.php/user/form/
---
2025/01/03 15:11:40 [error] [exception.CException] CException: UserController cannot find the requested view "form". in /var/www/html/yii/framework/web/CController.php:881
Stack trace:
#0 /var/www/html/yii/framework/web/CController.php(785): CController->renderPartial()
#1 /var/www/html/myapp/protected/controllers/UserController.php(16): CController->render()
#2 /var/www/html/yii/framework/web/actions/CInlineAction.php(49): UserController->actionForm()
#3 /var/www/html/yii/framework/web/CController.php(308): CInlineAction->runWithParams()
#4 /var/www/html/yii/framework/web/CController.php(286): CController->runAction()
#5 /var/www/html/yii/framework/web/CController.php(265): CController->runActionWithFilters()
#6 /var/www/html/yii/framework/web/CWebApplication.php(282): CController->run()
#7 /var/www/html/yii/framework/web/CWebApplication.php(141): CWebApplication->runController()
#8 /var/www/html/yii/framework/base/CApplication.php(185): CWebApplication->processRequest()
#9 /var/www/html/myapp/index.php(13): CApplication->run()
#10 {main}
REQUEST_URI=/myapp/index.php/user/form/
---
2025/01/03 15:11:41 [error] [exception.CException] CException: UserController cannot find the requested view "form". in /var/www/html/yii/framework/web/CController.php:881
Stack trace:
#0 /var/www/html/yii/framework/web/CController.php(785): CController->renderPartial()
#1 /var/www/html/myapp/protected/controllers/UserController.php(16): CController->render()
#2 /var/www/html/yii/framework/web/actions/CInlineAction.php(49): UserController->actionForm()
#3 /var/www/html/yii/framework/web/CController.php(308): CInlineAction->runWithParams()
#4 /var/www/html/yii/framework/web/CController.php(286): CController->runAction()
#5 /var/www/html/yii/framework/web/CController.php(265): CController->runActionWithFilters()
#6 /var/www/html/yii/framework/web/CWebApplication.php(282): CController->run()
#7 /var/www/html/yii/framework/web/CWebApplication.php(141): CWebApplication->runController()
#8 /var/www/html/yii/framework/base/CApplication.php(185): CWebApplication->processRequest()
#9 /var/www/html/myapp/index.php(13): CApplication->run()
#10 {main}
REQUEST_URI=/myapp/index.php/user/form/
---
2025/01/03 15:12:33 [error] [exception.CException] CException: UserController cannot find the requested view "form". in /var/www/html/yii/framework/web/CController.php:881
Stack trace:
#0 /var/www/html/yii/framework/web/CController.php(785): CController->renderPartial()
#1 /var/www/html/myapp/protected/controllers/UserController.php(37): CController->render()
#2 /var/www/html/yii/framework/web/actions/CInlineAction.php(49): UserController->actionForm()
#3 /var/www/html/yii/framework/web/CController.php(308): CInlineAction->runWithParams()
#4 /var/www/html/yii/framework/web/CController.php(286): CController->runAction()
#5 /var/www/html/yii/framework/web/CController.php(265): CController->runActionWithFilters()
#6 /var/www/html/yii/framework/web/CWebApplication.php(282): CController->run()
#7 /var/www/html/yii/framework/web/CWebApplication.php(141): CWebApplication->runController()
#8 /var/www/html/yii/framework/base/CApplication.php(185): CWebApplication->processRequest()
#9 /var/www/html/myapp/index.php(13): CApplication->run()
#10 {main}
REQUEST_URI=/myapp/index.php/user/form/
---
2025/01/03 15:12:34 [error] [exception.CException] CException: UserController cannot find the requested view "form". in /var/www/html/yii/framework/web/CController.php:881
Stack trace:
#0 /var/www/html/yii/framework/web/CController.php(785): CController->renderPartial()
#1 /var/www/html/myapp/protected/controllers/UserController.php(37): CController->render()
#2 /var/www/html/yii/framework/web/actions/CInlineAction.php(49): UserController->actionForm()
#3 /var/www/html/yii/framework/web/CController.php(308): CInlineAction->runWithParams()
#4 /var/www/html/yii/framework/web/CController.php(286): CController->runAction()
#5 /var/www/html/yii/framework/web/CController.php(265): CController->runActionWithFilters()
#6 /var/www/html/yii/framework/web/CWebApplication.php(282): CController->run()
#7 /var/www/html/yii/framework/web/CWebApplication.php(141): CWebApplication->runController()
#8 /var/www/html/yii/framework/base/CApplication.php(185): CWebApplication->processRequest()
#9 /var/www/html/myapp/index.php(13): CApplication->run()
#10 {main}
REQUEST_URI=/myapp/index.php/user/form/
---
2025/01/03 15:14:26 [error] [php] Undefined variable $model (/var/www/html/myapp/protected/views/user/form.php:16)
Stack trace:
#0 /var/www/html/yii/framework/web/CBaseController.php(126): require()
#1 /var/www/html/yii/framework/web/CBaseController.php(95): UserController->renderInternal()
#2 /var/www/html/yii/framework/web/CController.php(872): UserController->renderFile()
#3 /var/www/html/yii/framework/web/CController.php(785): UserController->renderPartial()
#4 /var/www/html/myapp/protected/controllers/UserController.php(37): UserController->render()
#5 /var/www/html/yii/framework/web/actions/CInlineAction.php(49): UserController->actionForm()
#6 /var/www/html/yii/framework/web/CController.php(308): CInlineAction->runWithParams()
#7 /var/www/html/yii/framework/web/CController.php(286): UserController->runAction()
#8 /var/www/html/yii/framework/web/CController.php(265): UserController->runActionWithFilters()
#9 /var/www/html/yii/framework/web/CWebApplication.php(282): UserController->run()
#10 /var/www/html/yii/framework/web/CWebApplication.php(141): CWebApplication->runController()
#11 /var/www/html/yii/framework/base/CApplication.php(185): CWebApplication->processRequest()
#12 /var/www/html/myapp/index.php(13): CWebApplication->run()
REQUEST_URI=/myapp/index.php/user/form/
in /var/www/html/myapp/protected/views/user/form.php (16)
in /var/www/html/myapp/protected/controllers/UserController.php (37)
in /var/www/html/myapp/index.php (13)
2025/01/03 15:17:56 [error] [php] Undefined variable $model (/var/www/html/myapp/protected/views/user/form.php:16)
Stack trace:
#0 /var/www/html/yii/framework/web/CBaseController.php(126): require()
#1 /var/www/html/yii/framework/web/CBaseController.php(95): UserController->renderInternal()
#2 /var/www/html/yii/framework/web/CController.php(872): UserController->renderFile()
#3 /var/www/html/yii/framework/web/CController.php(785): UserController->renderPartial()
#4 /var/www/html/myapp/protected/controllers/UserController.php(37): UserController->render()
#5 /var/www/html/yii/framework/web/actions/CInlineAction.php(49): UserController->actionForm()
#6 /var/www/html/yii/framework/web/CController.php(308): CInlineAction->runWithParams()
#7 /var/www/html/yii/framework/web/CController.php(286): UserController->runAction()
#8 /var/www/html/yii/framework/web/CController.php(265): UserController->runActionWithFilters()
#9 /var/www/html/yii/framework/web/CWebApplication.php(282): UserController->run()
#10 /var/www/html/yii/framework/web/CWebApplication.php(141): CWebApplication->runController()
#11 /var/www/html/yii/framework/base/CApplication.php(185): CWebApplication->processRequest()
#12 /var/www/html/myapp/index.php(13): CWebApplication->run()
REQUEST_URI=/myapp/index.php/user/form/
in /var/www/html/myapp/protected/views/user/form.php (16)
in /var/www/html/myapp/protected/controllers/UserController.php (37)
in /var/www/html/myapp/index.php (13)
2025/01/03 15:17:56 [error] [php] Undefined variable $model (/var/www/html/myapp/protected/views/user/form.php:16)
Stack trace:
#0 /var/www/html/yii/framework/web/CBaseController.php(126): require()
#1 /var/www/html/yii/framework/web/CBaseController.php(95): UserController->renderInternal()
#2 /var/www/html/yii/framework/web/CController.php(872): UserController->renderFile()
#3 /var/www/html/yii/framework/web/CController.php(785): UserController->renderPartial()
#4 /var/www/html/myapp/protected/controllers/UserController.php(37): UserController->render()
#5 /var/www/html/yii/framework/web/actions/CInlineAction.php(49): UserController->actionForm()
#6 /var/www/html/yii/framework/web/CController.php(308): CInlineAction->runWithParams()
#7 /var/www/html/yii/framework/web/CController.php(286): UserController->runAction()
#8 /var/www/html/yii/framework/web/CController.php(265): UserController->runActionWithFilters()
#9 /var/www/html/yii/framework/web/CWebApplication.php(282): UserController->run()
#10 /var/www/html/yii/framework/web/CWebApplication.php(141): CWebApplication->runController()
#11 /var/www/html/yii/framework/base/CApplication.php(185): CWebApplication->processRequest()
#12 /var/www/html/myapp/index.php(13): CWebApplication->run()
REQUEST_URI=/myapp/index.php/user/form/
in /var/www/html/myapp/protected/views/user/form.php (16)
in /var/www/html/myapp/protected/controllers/UserController.php (37)
in /var/www/html/myapp/index.php (13)
2025/01/03 15:17:56 [error] [php] Undefined variable $model (/var/www/html/myapp/protected/views/user/form.php:16)
Stack trace:
#0 /var/www/html/yii/framework/web/CBaseController.php(126): require()
#1 /var/www/html/yii/framework/web/CBaseController.php(95): UserController->renderInternal()
#2 /var/www/html/yii/framework/web/CController.php(872): UserController->renderFile()
#3 /var/www/html/yii/framework/web/CController.php(785): UserController->renderPartial()
#4 /var/www/html/myapp/protected/controllers/UserController.php(37): UserController->render()
#5 /var/www/html/yii/framework/web/actions/CInlineAction.php(49): UserController->actionForm()
#6 /var/www/html/yii/framework/web/CController.php(308): CInlineAction->runWithParams()
#7 /var/www/html/yii/framework/web/CController.php(286): UserController->runAction()
#8 /var/www/html/yii/framework/web/CController.php(265): UserController->runActionWithFilters()
#9 /var/www/html/yii/framework/web/CWebApplication.php(282): UserController->run()
#10 /var/www/html/yii/framework/web/CWebApplication.php(141): CWebApplication->runController()
#11 /var/www/html/yii/framework/base/CApplication.php(185): CWebApplication->processRequest()
#12 /var/www/html/myapp/index.php(13): CWebApplication->run()
REQUEST_URI=/myapp/index.php/user/form/
in /var/www/html/myapp/protected/views/user/form.php (16)
in /var/www/html/myapp/protected/controllers/UserController.php (37)
in /var/www/html/myapp/index.php (13)
2025/01/03 15:17:57 [error] [php] Undefined variable $model (/var/www/html/myapp/protected/views/user/form.php:16)
Stack trace:
#0 /var/www/html/yii/framework/web/CBaseController.php(126): require()
#1 /var/www/html/yii/framework/web/CBaseController.php(95): UserController->renderInternal()
#2 /var/www/html/yii/framework/web/CController.php(872): UserController->renderFile()
#3 /var/www/html/yii/framework/web/CController.php(785): UserController->renderPartial()
#4 /var/www/html/myapp/protected/controllers/UserController.php(37): UserController->render()
#5 /var/www/html/yii/framework/web/actions/CInlineAction.php(49): UserController->actionForm()
#6 /var/www/html/yii/framework/web/CController.php(308): CInlineAction->runWithParams()
#7 /var/www/html/yii/framework/web/CController.php(286): UserController->runAction()
#8 /var/www/html/yii/framework/web/CController.php(265): UserController->runActionWithFilters()
#9 /var/www/html/yii/framework/web/CWebApplication.php(282): UserController->run()
#10 /var/www/html/yii/framework/web/CWebApplication.php(141): CWebApplication->runController()
#11 /var/www/html/yii/framework/base/CApplication.php(185): CWebApplication->processRequest()
#12 /var/www/html/myapp/index.php(13): CWebApplication->run()
REQUEST_URI=/myapp/index.php/user/form/
in /var/www/html/myapp/protected/views/user/form.php (16)
in /var/www/html/myapp/protected/controllers/UserController.php (37)
in /var/www/html/myapp/index.php (13)
2025/01/03 15:17:57 [error] [php] Undefined variable $model (/var/www/html/myapp/protected/views/user/form.php:16)
Stack trace:
#0 /var/www/html/yii/framework/web/CBaseController.php(126): require()
#1 /var/www/html/yii/framework/web/CBaseController.php(95): UserController->renderInternal()
#2 /var/www/html/yii/framework/web/CController.php(872): UserController->renderFile()
#3 /var/www/html/yii/framework/web/CController.php(785): UserController->renderPartial()
#4 /var/www/html/myapp/protected/controllers/UserController.php(37): UserController->render()
#5 /var/www/html/yii/framework/web/actions/CInlineAction.php(49): UserController->actionForm()
#6 /var/www/html/yii/framework/web/CController.php(308): CInlineAction->runWithParams()
#7 /var/www/html/yii/framework/web/CController.php(286): UserController->runAction()
#8 /var/www/html/yii/framework/web/CController.php(265): UserController->runActionWithFilters()
#9 /var/www/html/yii/framework/web/CWebApplication.php(282): UserController->run()
#10 /var/www/html/yii/framework/web/CWebApplication.php(141): CWebApplication->runController()
#11 /var/www/html/yii/framework/base/CApplication.php(185): CWebApplication->processRequest()
#12 /var/www/html/myapp/index.php(13): CWebApplication->run()
REQUEST_URI=/myapp/index.php/user/form/
in /var/www/html/myapp/protected/views/user/form.php (16)
in /var/www/html/myapp/protected/controllers/UserController.php (37)
in /var/www/html/myapp/index.php (13)
2025/01/03 15:17:57 [error] [php] Undefined variable $model (/var/www/html/myapp/protected/views/user/form.php:16)
Stack trace:
#0 /var/www/html/yii/framework/web/CBaseController.php(126): require()
#1 /var/www/html/yii/framework/web/CBaseController.php(95): UserController->renderInternal()
#2 /var/www/html/yii/framework/web/CController.php(872): UserController->renderFile()
#3 /var/www/html/yii/framework/web/CController.php(785): UserController->renderPartial()
#4 /var/www/html/myapp/protected/controllers/UserController.php(37): UserController->render()
#5 /var/www/html/yii/framework/web/actions/CInlineAction.php(49): UserController->actionForm()
#6 /var/www/html/yii/framework/web/CController.php(308): CInlineAction->runWithParams()
#7 /var/www/html/yii/framework/web/CController.php(286): UserController->runAction()
#8 /var/www/html/yii/framework/web/CController.php(265): UserController->runActionWithFilters()
#9 /var/www/html/yii/framework/web/CWebApplication.php(282): UserController->run()
#10 /var/www/html/yii/framework/web/CWebApplication.php(141): CWebApplication->runController()
#11 /var/www/html/yii/framework/base/CApplication.php(185): CWebApplication->processRequest()
#12 /var/www/html/myapp/index.php(13): CWebApplication->run()
REQUEST_URI=/myapp/index.php/user/form/
in /var/www/html/myapp/protected/views/user/form.php (16)
in /var/www/html/myapp/protected/controllers/UserController.php (37)
in /var/www/html/myapp/index.php (13)
2025/01/03 15:17:57 [error] [php] Undefined variable $model (/var/www/html/myapp/protected/views/user/form.php:16)
Stack trace:
#0 /var/www/html/yii/framework/web/CBaseController.php(126): require()
#1 /var/www/html/yii/framework/web/CBaseController.php(95): UserController->renderInternal()
#2 /var/www/html/yii/framework/web/CController.php(872): UserController->renderFile()
#3 /var/www/html/yii/framework/web/CController.php(785): UserController->renderPartial()
#4 /var/www/html/myapp/protected/controllers/UserController.php(37): UserController->render()
#5 /var/www/html/yii/framework/web/actions/CInlineAction.php(49): UserController->actionForm()
#6 /var/www/html/yii/framework/web/CController.php(308): CInlineAction->runWithParams()
#7 /var/www/html/yii/framework/web/CController.php(286): UserController->runAction()
#8 /var/www/html/yii/framework/web/CController.php(265): UserController->runActionWithFilters()
#9 /var/www/html/yii/framework/web/CWebApplication.php(282): UserController->run()
#10 /var/www/html/yii/framework/web/CWebApplication.php(141): CWebApplication->runController()
#11 /var/www/html/yii/framework/base/CApplication.php(185): CWebApplication->processRequest()
#12 /var/www/html/myapp/index.php(13): CWebApplication->run()
REQUEST_URI=/myapp/index.php/user/form/
in /var/www/html/myapp/protected/views/user/form.php (16)
in /var/www/html/myapp/protected/controllers/UserController.php (37)
in /var/www/html/myapp/index.php (13)
2025/01/03 15:17:57 [error] [php] Undefined variable $model (/var/www/html/myapp/protected/views/user/form.php:16)
Stack trace:
#0 /var/www/html/yii/framework/web/CBaseController.php(126): require()
#1 /var/www/html/yii/framework/web/CBaseController.php(95): UserController->renderInternal()
#2 /var/www/html/yii/framework/web/CController.php(872): UserController->renderFile()
#3 /var/www/html/yii/framework/web/CController.php(785): UserController->renderPartial()
#4 /var/www/html/myapp/protected/controllers/UserController.php(37): UserController->render()
#5 /var/www/html/yii/framework/web/actions/CInlineAction.php(49): UserController->actionForm()
#6 /var/www/html/yii/framework/web/CController.php(308): CInlineAction->runWithParams()
#7 /var/www/html/yii/framework/web/CController.php(286): UserController->runAction()
#8 /var/www/html/yii/framework/web/CController.php(265): UserController->runActionWithFilters()
#9 /var/www/html/yii/framework/web/CWebApplication.php(282): UserController->run()
#10 /var/www/html/yii/framework/web/CWebApplication.php(141): CWebApplication->runController()
#11 /var/www/html/yii/framework/base/CApplication.php(185): CWebApplication->processRequest()
#12 /var/www/html/myapp/index.php(13): CWebApplication->run()
REQUEST_URI=/myapp/index.php/user/form/
in /var/www/html/myapp/protected/views/user/form.php (16)
in /var/www/html/myapp/protected/controllers/UserController.php (37)
in /var/www/html/myapp/index.php (13)
2025/01/03 15:17:58 [error] [php] Undefined variable $model (/var/www/html/myapp/protected/views/user/form.php:16)
Stack trace:
#0 /var/www/html/yii/framework/web/CBaseController.php(126): require()
#1 /var/www/html/yii/framework/web/CBaseController.php(95): UserController->renderInternal()
#2 /var/www/html/yii/framework/web/CController.php(872): UserController->renderFile()
#3 /var/www/html/yii/framework/web/CController.php(785): UserController->renderPartial()
#4 /var/www/html/myapp/protected/controllers/UserController.php(37): UserController->render()
#5 /var/www/html/yii/framework/web/actions/CInlineAction.php(49): UserController->actionForm()
#6 /var/www/html/yii/framework/web/CController.php(308): CInlineAction->runWithParams()
#7 /var/www/html/yii/framework/web/CController.php(286): UserController->runAction()
#8 /var/www/html/yii/framework/web/CController.php(265): UserController->runActionWithFilters()
#9 /var/www/html/yii/framework/web/CWebApplication.php(282): UserController->run()
#10 /var/www/html/yii/framework/web/CWebApplication.php(141): CWebApplication->runController()
#11 /var/www/html/yii/framework/base/CApplication.php(185): CWebApplication->processRequest()
#12 /var/www/html/myapp/index.php(13): CWebApplication->run()
REQUEST_URI=/myapp/index.php/user/form/
in /var/www/html/myapp/protected/views/user/form.php (16)
in /var/www/html/myapp/protected/controllers/UserController.php (37)
in /var/www/html/myapp/index.php (13)
2025/01/03 15:17:58 [error] [php] Undefined variable $model (/var/www/html/myapp/protected/views/user/form.php:16)
Stack trace:
#0 /var/www/html/yii/framework/web/CBaseController.php(126): require()
#1 /var/www/html/yii/framework/web/CBaseController.php(95): UserController->renderInternal()
#2 /var/www/html/yii/framework/web/CController.php(872): UserController->renderFile()
#3 /var/www/html/yii/framework/web/CController.php(785): UserController->renderPartial()
#4 /var/www/html/myapp/protected/controllers/UserController.php(37): UserController->render()
#5 /var/www/html/yii/framework/web/actions/CInlineAction.php(49): UserController->actionForm()
#6 /var/www/html/yii/framework/web/CController.php(308): CInlineAction->runWithParams()
#7 /var/www/html/yii/framework/web/CController.php(286): UserController->runAction()
#8 /var/www/html/yii/framework/web/CController.php(265): UserController->runActionWithFilters()
#9 /var/www/html/yii/framework/web/CWebApplication.php(282): UserController->run()
#10 /var/www/html/yii/framework/web/CWebApplication.php(141): CWebApplication->runController()
#11 /var/www/html/yii/framework/base/CApplication.php(185): CWebApplication->processRequest()
#12 /var/www/html/myapp/index.php(13): CWebApplication->run()
REQUEST_URI=/myapp/index.php/user/form/
in /var/www/html/myapp/protected/views/user/form.php (16)
in /var/www/html/myapp/protected/controllers/UserController.php (37)
in /var/www/html/myapp/index.php (13)
2025/01/03 15:17:58 [error] [php] Undefined variable $model (/var/www/html/myapp/protected/views/user/form.php:16)
Stack trace:
#0 /var/www/html/yii/framework/web/CBaseController.php(126): require()
#1 /var/www/html/yii/framework/web/CBaseController.php(95): UserController->renderInternal()
#2 /var/www/html/yii/framework/web/CController.php(872): UserController->renderFile()
#3 /var/www/html/yii/framework/web/CController.php(785): UserController->renderPartial()
#4 /var/www/html/myapp/protected/controllers/UserController.php(37): UserController->render()
#5 /var/www/html/yii/framework/web/actions/CInlineAction.php(49): UserController->actionForm()
#6 /var/www/html/yii/framework/web/CController.php(308): CInlineAction->runWithParams()
#7 /var/www/html/yii/framework/web/CController.php(286): UserController->runAction()
#8 /var/www/html/yii/framework/web/CController.php(265): UserController->runActionWithFilters()
#9 /var/www/html/yii/framework/web/CWebApplication.php(282): UserController->run()
#10 /var/www/html/yii/framework/web/CWebApplication.php(141): CWebApplication->runController()
#11 /var/www/html/yii/framework/base/CApplication.php(185): CWebApplication->processRequest()
#12 /var/www/html/myapp/index.php(13): CWebApplication->run()
REQUEST_URI=/myapp/index.php/user/form/
in /var/www/html/myapp/protected/views/user/form.php (16)
in /var/www/html/myapp/protected/controllers/UserController.php (37)
in /var/www/html/myapp/index.php (13)
2025/01/03 15:17:58 [error] [php] Undefined variable $model (/var/www/html/myapp/protected/views/user/form.php:16)
Stack trace:
#0 /var/www/html/yii/framework/web/CBaseController.php(126): require()
#1 /var/www/html/yii/framework/web/CBaseController.php(95): UserController->renderInternal()
#2 /var/www/html/yii/framework/web/CController.php(872): UserController->renderFile()
#3 /var/www/html/yii/framework/web/CController.php(785): UserController->renderPartial()
#4 /var/www/html/myapp/protected/controllers/UserController.php(37): UserController->render()
#5 /var/www/html/yii/framework/web/actions/CInlineAction.php(49): UserController->actionForm()
#6 /var/www/html/yii/framework/web/CController.php(308): CInlineAction->runWithParams()
#7 /var/www/html/yii/framework/web/CController.php(286): UserController->runAction()
#8 /var/www/html/yii/framework/web/CController.php(265): UserController->runActionWithFilters()
#9 /var/www/html/yii/framework/web/CWebApplication.php(282): UserController->run()
#10 /var/www/html/yii/framework/web/CWebApplication.php(141): CWebApplication->runController()
#11 /var/www/html/yii/framework/base/CApplication.php(185): CWebApplication->processRequest()
#12 /var/www/html/myapp/index.php(13): CWebApplication->run()
REQUEST_URI=/myapp/index.php/user/form/
in /var/www/html/myapp/protected/views/user/form.php (16)
in /var/www/html/myapp/protected/controllers/UserController.php (37)
in /var/www/html/myapp/index.php (13)
2025/01/03 15:17:58 [error] [php] Undefined variable $model (/var/www/html/myapp/protected/views/user/form.php:16)
Stack trace:
#0 /var/www/html/yii/framework/web/CBaseController.php(126): require()
#1 /var/www/html/yii/framework/web/CBaseController.php(95): UserController->renderInternal()
#2 /var/www/html/yii/framework/web/CController.php(872): UserController->renderFile()
#3 /var/www/html/yii/framework/web/CController.php(785): UserController->renderPartial()
#4 /var/www/html/myapp/protected/controllers/UserController.php(37): UserController->render()
#5 /var/www/html/yii/framework/web/actions/CInlineAction.php(49): UserController->actionForm()
#6 /var/www/html/yii/framework/web/CController.php(308): CInlineAction->runWithParams()
#7 /var/www/html/yii/framework/web/CController.php(286): UserController->runAction()
#8 /var/www/html/yii/framework/web/CController.php(265): UserController->runActionWithFilters()
#9 /var/www/html/yii/framework/web/CWebApplication.php(282): UserController->run()
#10 /var/www/html/yii/framework/web/CWebApplication.php(141): CWebApplication->runController()
#11 /var/www/html/yii/framework/base/CApplication.php(185): CWebApplication->processRequest()
#12 /var/www/html/myapp/index.php(13): CWebApplication->run()
REQUEST_URI=/myapp/index.php/user/form/
in /var/www/html/myapp/protected/views/user/form.php (16)
in /var/www/html/myapp/protected/controllers/UserController.php (37)
in /var/www/html/myapp/index.php (13)
2025/01/03 15:18:08 [error] [php] Undefined variable $model (/var/www/html/myapp/protected/views/user/form.php:16)
Stack trace:
#0 /var/www/html/yii/framework/web/CBaseController.php(126): require()
#1 /var/www/html/yii/framework/web/CBaseController.php(95): UserController->renderInternal()
#2 /var/www/html/yii/framework/web/CController.php(872): UserController->renderFile()
#3 /var/www/html/yii/framework/web/CController.php(785): UserController->renderPartial()
#4 /var/www/html/myapp/protected/controllers/UserController.php(37): UserController->render()
#5 /var/www/html/yii/framework/web/actions/CInlineAction.php(49): UserController->actionForm()
#6 /var/www/html/yii/framework/web/CController.php(308): CInlineAction->runWithParams()
#7 /var/www/html/yii/framework/web/CController.php(286): UserController->runAction()
#8 /var/www/html/yii/framework/web/CController.php(265): UserController->runActionWithFilters()
#9 /var/www/html/yii/framework/web/CWebApplication.php(282): UserController->run()
#10 /var/www/html/yii/framework/web/CWebApplication.php(141): CWebApplication->runController()
#11 /var/www/html/yii/framework/base/CApplication.php(185): CWebApplication->processRequest()
#12 /var/www/html/myapp/index.php(13): CWebApplication->run()
REQUEST_URI=/myapp/index.php/user/form/
in /var/www/html/myapp/protected/views/user/form.php (16)
in /var/www/html/myapp/protected/controllers/UserController.php (37)
in /var/www/html/myapp/index.php (13)
2025/01/03 15:18:08 [error] [php] Undefined variable $model (/var/www/html/myapp/protected/views/user/form.php:16)
Stack trace:
#0 /var/www/html/yii/framework/web/CBaseController.php(126): require()
#1 /var/www/html/yii/framework/web/CBaseController.php(95): UserController->renderInternal()
#2 /var/www/html/yii/framework/web/CController.php(872): UserController->renderFile()
#3 /var/www/html/yii/framework/web/CController.php(785): UserController->renderPartial()
#4 /var/www/html/myapp/protected/controllers/UserController.php(37): UserController->render()
#5 /var/www/html/yii/framework/web/actions/CInlineAction.php(49): UserController->actionForm()
#6 /var/www/html/yii/framework/web/CController.php(308): CInlineAction->runWithParams()
#7 /var/www/html/yii/framework/web/CController.php(286): UserController->runAction()
#8 /var/www/html/yii/framework/web/CController.php(265): UserController->runActionWithFilters()
#9 /var/www/html/yii/framework/web/CWebApplication.php(282): UserController->run()
#10 /var/www/html/yii/framework/web/CWebApplication.php(141): CWebApplication->runController()
#11 /var/www/html/yii/framework/base/CApplication.php(185): CWebApplication->processRequest()
#12 /var/www/html/myapp/index.php(13): CWebApplication->run()
REQUEST_URI=/myapp/index.php/user/form/
in /var/www/html/myapp/protected/views/user/form.php (16)
in /var/www/html/myapp/protected/controllers/UserController.php (37)
in /var/www/html/myapp/index.php (13)
2025/01/03 15:18:08 [error] [php] Undefined variable $model (/var/www/html/myapp/protected/views/user/form.php:16)
Stack trace:
#0 /var/www/html/yii/framework/web/CBaseController.php(126): require()
#1 /var/www/html/yii/framework/web/CBaseController.php(95): UserController->renderInternal()
#2 /var/www/html/yii/framework/web/CController.php(872): UserController->renderFile()
#3 /var/www/html/yii/framework/web/CController.php(785): UserController->renderPartial()
#4 /var/www/html/myapp/protected/controllers/UserController.php(37): UserController->render()
#5 /var/www/html/yii/framework/web/actions/CInlineAction.php(49): UserController->actionForm()
#6 /var/www/html/yii/framework/web/CController.php(308): CInlineAction->runWithParams()
#7 /var/www/html/yii/framework/web/CController.php(286): UserController->runAction()
#8 /var/www/html/yii/framework/web/CController.php(265): UserController->runActionWithFilters()
#9 /var/www/html/yii/framework/web/CWebApplication.php(282): UserController->run()
#10 /var/www/html/yii/framework/web/CWebApplication.php(141): CWebApplication->runController()
#11 /var/www/html/yii/framework/base/CApplication.php(185): CWebApplication->processRequest()
#12 /var/www/html/myapp/index.php(13): CWebApplication->run()
REQUEST_URI=/myapp/index.php/user/form/
in /var/www/html/myapp/protected/views/user/form.php (16)
in /var/www/html/myapp/protected/controllers/UserController.php (37)
in /var/www/html/myapp/index.php (13)
2025/01/03 15:18:08 [error] [php] Undefined variable $model (/var/www/html/myapp/protected/views/user/form.php:16)
Stack trace:
#0 /var/www/html/yii/framework/web/CBaseController.php(126): require()
#1 /var/www/html/yii/framework/web/CBaseController.php(95): UserController->renderInternal()
#2 /var/www/html/yii/framework/web/CController.php(872): UserController->renderFile()
#3 /var/www/html/yii/framework/web/CController.php(785): UserController->renderPartial()
#4 /var/www/html/myapp/protected/controllers/UserController.php(37): UserController->render()
#5 /var/www/html/yii/framework/web/actions/CInlineAction.php(49): UserController->actionForm()
#6 /var/www/html/yii/framework/web/CController.php(308): CInlineAction->runWithParams()
#7 /var/www/html/yii/framework/web/CController.php(286): UserController->runAction()
#8 /var/www/html/yii/framework/web/CController.php(265): UserController->runActionWithFilters()
#9 /var/www/html/yii/framework/web/CWebApplication.php(282): UserController->run()
#10 /var/www/html/yii/framework/web/CWebApplication.php(141): CWebApplication->runController()
#11 /var/www/html/yii/framework/base/CApplication.php(185): CWebApplication->processRequest()
#12 /var/www/html/myapp/index.php(13): CWebApplication->run()
REQUEST_URI=/myapp/index.php/user/form/
in /var/www/html/myapp/protected/views/user/form.php (16)
in /var/www/html/myapp/protected/controllers/UserController.php (37)
in /var/www/html/myapp/index.php (13)
2025/01/03 15:18:09 [error] [php] Undefined variable $model (/var/www/html/myapp/protected/views/user/form.php:16)
Stack trace:
#0 /var/www/html/yii/framework/web/CBaseController.php(126): require()
#1 /var/www/html/yii/framework/web/CBaseController.php(95): UserController->renderInternal()
#2 /var/www/html/yii/framework/web/CController.php(872): UserController->renderFile()
#3 /var/www/html/yii/framework/web/CController.php(785): UserController->renderPartial()
#4 /var/www/html/myapp/protected/controllers/UserController.php(37): UserController->render()
#5 /var/www/html/yii/framework/web/actions/CInlineAction.php(49): UserController->actionForm()
#6 /var/www/html/yii/framework/web/CController.php(308): CInlineAction->runWithParams()
#7 /var/www/html/yii/framework/web/CController.php(286): UserController->runAction()
#8 /var/www/html/yii/framework/web/CController.php(265): UserController->runActionWithFilters()
#9 /var/www/html/yii/framework/web/CWebApplication.php(282): UserController->run()
#10 /var/www/html/yii/framework/web/CWebApplication.php(141): CWebApplication->runController()
#11 /var/www/html/yii/framework/base/CApplication.php(185): CWebApplication->processRequest()
#12 /var/www/html/myapp/index.php(13): CWebApplication->run()
REQUEST_URI=/myapp/index.php/user/form/
in /var/www/html/myapp/protected/views/user/form.php (16)
in /var/www/html/myapp/protected/controllers/UserController.php (37)
in /var/www/html/myapp/index.php (13)
2025/01/03 15:18:09 [error] [php] Undefined variable $model (/var/www/html/myapp/protected/views/user/form.php:16)
Stack trace:
#0 /var/www/html/yii/framework/web/CBaseController.php(126): require()
#1 /var/www/html/yii/framework/web/CBaseController.php(95): UserController->renderInternal()
#2 /var/www/html/yii/framework/web/CController.php(872): UserController->renderFile()
#3 /var/www/html/yii/framework/web/CController.php(785): UserController->renderPartial()
#4 /var/www/html/myapp/protected/controllers/UserController.php(37): UserController->render()
#5 /var/www/html/yii/framework/web/actions/CInlineAction.php(49): UserController->actionForm()
#6 /var/www/html/yii/framework/web/CController.php(308): CInlineAction->runWithParams()
#7 /var/www/html/yii/framework/web/CController.php(286): UserController->runAction()
#8 /var/www/html/yii/framework/web/CController.php(265): UserController->runActionWithFilters()
#9 /var/www/html/yii/framework/web/CWebApplication.php(282): UserController->run()
#10 /var/www/html/yii/framework/web/CWebApplication.php(141): CWebApplication->runController()
#11 /var/www/html/yii/framework/base/CApplication.php(185): CWebApplication->processRequest()
#12 /var/www/html/myapp/index.php(13): CWebApplication->run()
REQUEST_URI=/myapp/index.php/user/form/
in /var/www/html/myapp/protected/views/user/form.php (16)
in /var/www/html/myapp/protected/controllers/UserController.php (37)
in /var/www/html/myapp/index.php (13)
2025/01/03 15:18:09 [error] [php] Undefined variable $model (/var/www/html/myapp/protected/views/user/form.php:16)
Stack trace:
#0 /var/www/html/yii/framework/web/CBaseController.php(126): require()
#1 /var/www/html/yii/framework/web/CBaseController.php(95): UserController->renderInternal()
#2 /var/www/html/yii/framework/web/CController.php(872): UserController->renderFile()
#3 /var/www/html/yii/framework/web/CController.php(785): UserController->renderPartial()
#4 /var/www/html/myapp/protected/controllers/UserController.php(37): UserController->render()
#5 /var/www/html/yii/framework/web/actions/CInlineAction.php(49): UserController->actionForm()
#6 /var/www/html/yii/framework/web/CController.php(308): CInlineAction->runWithParams()
#7 /var/www/html/yii/framework/web/CController.php(286): UserController->runAction()
#8 /var/www/html/yii/framework/web/CController.php(265): UserController->runActionWithFilters()
#9 /var/www/html/yii/framework/web/CWebApplication.php(282): UserController->run()
#10 /var/www/html/yii/framework/web/CWebApplication.php(141): CWebApplication->runController()
#11 /var/www/html/yii/framework/base/CApplication.php(185): CWebApplication->processRequest()
#12 /var/www/html/myapp/index.php(13): CWebApplication->run()
REQUEST_URI=/myapp/index.php/user/form/
in /var/www/html/myapp/protected/views/user/form.php (16)
in /var/www/html/myapp/protected/controllers/UserController.php (37)
in /var/www/html/myapp/index.php (13)
2025/01/03 15:18:09 [error] [php] Undefined variable $model (/var/www/html/myapp/protected/views/user/form.php:16)
Stack trace:
#0 /var/www/html/yii/framework/web/CBaseController.php(126): require()
#1 /var/www/html/yii/framework/web/CBaseController.php(95): UserController->renderInternal()
#2 /var/www/html/yii/framework/web/CController.php(872): UserController->renderFile()
#3 /var/www/html/yii/framework/web/CController.php(785): UserController->renderPartial()
#4 /var/www/html/myapp/protected/controllers/UserController.php(37): UserController->render()
#5 /var/www/html/yii/framework/web/actions/CInlineAction.php(49): UserController->actionForm()
#6 /var/www/html/yii/framework/web/CController.php(308): CInlineAction->runWithParams()
#7 /var/www/html/yii/framework/web/CController.php(286): UserController->runAction()
#8 /var/www/html/yii/framework/web/CController.php(265): UserController->runActionWithFilters()
#9 /var/www/html/yii/framework/web/CWebApplication.php(282): UserController->run()
#10 /var/www/html/yii/framework/web/CWebApplication.php(141): CWebApplication->runController()
#11 /var/www/html/yii/framework/base/CApplication.php(185): CWebApplication->processRequest()
#12 /var/www/html/myapp/index.php(13): CWebApplication->run()
REQUEST_URI=/myapp/index.php/user/form/
in /var/www/html/myapp/protected/views/user/form.php (16)
in /var/www/html/myapp/protected/controllers/UserController.php (37)
in /var/www/html/myapp/index.php (13)
2025/01/03 15:18:09 [error] [php] Undefined variable $model (/var/www/html/myapp/protected/views/user/form.php:16)
Stack trace:
#0 /var/www/html/yii/framework/web/CBaseController.php(126): require()
#1 /var/www/html/yii/framework/web/CBaseController.php(95): UserController->renderInternal()
#2 /var/www/html/yii/framework/web/CController.php(872): UserController->renderFile()
#3 /var/www/html/yii/framework/web/CController.php(785): UserController->renderPartial()
#4 /var/www/html/myapp/protected/controllers/UserController.php(37): UserController->render()
#5 /var/www/html/yii/framework/web/actions/CInlineAction.php(49): UserController->actionForm()
#6 /var/www/html/yii/framework/web/CController.php(308): CInlineAction->runWithParams()
#7 /var/www/html/yii/framework/web/CController.php(286): UserController->runAction()
#8 /var/www/html/yii/framework/web/CController.php(265): UserController->runActionWithFilters()
#9 /var/www/html/yii/framework/web/CWebApplication.php(282): UserController->run()
#10 /var/www/html/yii/framework/web/CWebApplication.php(141): CWebApplication->runController()
#11 /var/www/html/yii/framework/base/CApplication.php(185): CWebApplication->processRequest()
#12 /var/www/html/myapp/index.php(13): CWebApplication->run()
REQUEST_URI=/myapp/index.php/user/form/
in /var/www/html/myapp/protected/views/user/form.php (16)
in /var/www/html/myapp/protected/controllers/UserController.php (37)
in /var/www/html/myapp/index.php (13)
2025/01/03 15:20:48 [error] [exception.ArgumentCountError] ArgumentCountError: Too few arguments to function CActiveForm::labelEx(), 1 passed in /var/www/html/myapp/protected/views/user/form.php on line 16 and at least 2 expected in /var/www/html/yii/framework/web/widgets/CActiveForm.php:599
Stack trace:
#0 /var/www/html/myapp/protected/views/user/form.php(16): CActiveForm->labelEx()
#1 /var/www/html/yii/framework/web/CBaseController.php(126): require('...')
#2 /var/www/html/yii/framework/web/CBaseController.php(95): CBaseController->renderInternal()
#3 /var/www/html/yii/framework/web/CController.php(872): CBaseController->renderFile()
#4 /var/www/html/yii/framework/web/CController.php(785): CController->renderPartial()
#5 /var/www/html/myapp/protected/controllers/UserController.php(37): CController->render()
#6 /var/www/html/yii/framework/web/actions/CInlineAction.php(49): UserController->actionForm()
#7 /var/www/html/yii/framework/web/CController.php(308): CInlineAction->runWithParams()
#8 /var/www/html/yii/framework/web/CController.php(286): CController->runAction()
#9 /var/www/html/yii/framework/web/CController.php(265): CController->runActionWithFilters()
#10 /var/www/html/yii/framework/web/CWebApplication.php(282): CController->run()
#11 /var/www/html/yii/framework/web/CWebApplication.php(141): CWebApplication->runController()
#12 /var/www/html/yii/framework/base/CApplication.php(185): CWebApplication->processRequest()
#13 /var/www/html/myapp/index.php(13): CApplication->run()
#14 {main}
REQUEST_URI=/myapp/index.php/user/form/
---
2025/01/03 15:20:49 [error] [exception.ArgumentCountError] ArgumentCountError: Too few arguments to function CActiveForm::labelEx(), 1 passed in /var/www/html/myapp/protected/views/user/form.php on line 16 and at least 2 expected in /var/www/html/yii/framework/web/widgets/CActiveForm.php:599
Stack trace:
#0 /var/www/html/myapp/protected/views/user/form.php(16): CActiveForm->labelEx()
#1 /var/www/html/yii/framework/web/CBaseController.php(126): require('...')
#2 /var/www/html/yii/framework/web/CBaseController.php(95): CBaseController->renderInternal()
#3 /var/www/html/yii/framework/web/CController.php(872): CBaseController->renderFile()
#4 /var/www/html/yii/framework/web/CController.php(785): CController->renderPartial()
#5 /var/www/html/myapp/protected/controllers/UserController.php(37): CController->render()
#6 /var/www/html/yii/framework/web/actions/CInlineAction.php(49): UserController->actionForm()
#7 /var/www/html/yii/framework/web/CController.php(308): CInlineAction->runWithParams()
#8 /var/www/html/yii/framework/web/CController.php(286): CController->runAction()
#9 /var/www/html/yii/framework/web/CController.php(265): CController->runActionWithFilters()
#10 /var/www/html/yii/framework/web/CWebApplication.php(282): CController->run()
#11 /var/www/html/yii/framework/web/CWebApplication.php(141): CWebApplication->runController()
#12 /var/www/html/yii/framework/base/CApplication.php(185): CWebApplication->processRequest()
#13 /var/www/html/myapp/index.php(13): CApplication->run()
#14 {main}
REQUEST_URI=/myapp/index.php/user/form/
---
2025/01/03 15:20:49 [error] [exception.ArgumentCountError] ArgumentCountError: Too few arguments to function CActiveForm::labelEx(), 1 passed in /var/www/html/myapp/protected/views/user/form.php on line 16 and at least 2 expected in /var/www/html/yii/framework/web/widgets/CActiveForm.php:599
Stack trace:
#0 /var/www/html/myapp/protected/views/user/form.php(16): CActiveForm->labelEx()
#1 /var/www/html/yii/framework/web/CBaseController.php(126): require('...')
#2 /var/www/html/yii/framework/web/CBaseController.php(95): CBaseController->renderInternal()
#3 /var/www/html/yii/framework/web/CController.php(872): CBaseController->renderFile()
#4 /var/www/html/yii/framework/web/CController.php(785): CController->renderPartial()
#5 /var/www/html/myapp/protected/controllers/UserController.php(37): CController->render()
#6 /var/www/html/yii/framework/web/actions/CInlineAction.php(49): UserController->actionForm()
#7 /var/www/html/yii/framework/web/CController.php(308): CInlineAction->runWithParams()
#8 /var/www/html/yii/framework/web/CController.php(286): CController->runAction()
#9 /var/www/html/yii/framework/web/CController.php(265): CController->runActionWithFilters()
#10 /var/www/html/yii/framework/web/CWebApplication.php(282): CController->run()
#11 /var/www/html/yii/framework/web/CWebApplication.php(141): CWebApplication->runController()
#12 /var/www/html/yii/framework/base/CApplication.php(185): CWebApplication->processRequest()
#13 /var/www/html/myapp/index.php(13): CApplication->run()
#14 {main}
REQUEST_URI=/myapp/index.php/user/form/
---
2025/01/03 15:20:49 [error] [exception.ArgumentCountError] ArgumentCountError: Too few arguments to function CActiveForm::labelEx(), 1 passed in /var/www/html/myapp/protected/views/user/form.php on line 16 and at least 2 expected in /var/www/html/yii/framework/web/widgets/CActiveForm.php:599
Stack trace:
#0 /var/www/html/myapp/protected/views/user/form.php(16): CActiveForm->labelEx()
#1 /var/www/html/yii/framework/web/CBaseController.php(126): require('...')
#2 /var/www/html/yii/framework/web/CBaseController.php(95): CBaseController->renderInternal()
#3 /var/www/html/yii/framework/web/CController.php(872): CBaseController->renderFile()
#4 /var/www/html/yii/framework/web/CController.php(785): CController->renderPartial()
#5 /var/www/html/myapp/protected/controllers/UserController.php(37): CController->render()
#6 /var/www/html/yii/framework/web/actions/CInlineAction.php(49): UserController->actionForm()
#7 /var/www/html/yii/framework/web/CController.php(308): CInlineAction->runWithParams()
#8 /var/www/html/yii/framework/web/CController.php(286): CController->runAction()
#9 /var/www/html/yii/framework/web/CController.php(265): CController->runActionWithFilters()
#10 /var/www/html/yii/framework/web/CWebApplication.php(282): CController->run()
#11 /var/www/html/yii/framework/web/CWebApplication.php(141): CWebApplication->runController()
#12 /var/www/html/yii/framework/base/CApplication.php(185): CWebApplication->processRequest()
#13 /var/www/html/myapp/index.php(13): CApplication->run()
#14 {main}
REQUEST_URI=/myapp/index.php/user/form/
---
2025/01/03 15:20:49 [error] [exception.ArgumentCountError] ArgumentCountError: Too few arguments to function CActiveForm::labelEx(), 1 passed in /var/www/html/myapp/protected/views/user/form.php on line 16 and at least 2 expected in /var/www/html/yii/framework/web/widgets/CActiveForm.php:599
Stack trace:
#0 /var/www/html/myapp/protected/views/user/form.php(16): CActiveForm->labelEx()
#1 /var/www/html/yii/framework/web/CBaseController.php(126): require('...')
#2 /var/www/html/yii/framework/web/CBaseController.php(95): CBaseController->renderInternal()
#3 /var/www/html/yii/framework/web/CController.php(872): CBaseController->renderFile()
#4 /var/www/html/yii/framework/web/CController.php(785): CController->renderPartial()
#5 /var/www/html/myapp/protected/controllers/UserController.php(37): CController->render()
#6 /var/www/html/yii/framework/web/actions/CInlineAction.php(49): UserController->actionForm()
#7 /var/www/html/yii/framework/web/CController.php(308): CInlineAction->runWithParams()
#8 /var/www/html/yii/framework/web/CController.php(286): CController->runAction()
#9 /var/www/html/yii/framework/web/CController.php(265): CController->runActionWithFilters()
#10 /var/www/html/yii/framework/web/CWebApplication.php(282): CController->run()
#11 /var/www/html/yii/framework/web/CWebApplication.php(141): CWebApplication->runController()
#12 /var/www/html/yii/framework/base/CApplication.php(185): CWebApplication->processRequest()
#13 /var/www/html/myapp/index.php(13): CApplication->run()
#14 {main}
REQUEST_URI=/myapp/index.php/user/form/
---
2025/01/03 15:20:49 [error] [exception.ArgumentCountError] ArgumentCountError: Too few arguments to function CActiveForm::labelEx(), 1 passed in /var/www/html/myapp/protected/views/user/form.php on line 16 and at least 2 expected in /var/www/html/yii/framework/web/widgets/CActiveForm.php:599
Stack trace:
#0 /var/www/html/myapp/protected/views/user/form.php(16): CActiveForm->labelEx()
#1 /var/www/html/yii/framework/web/CBaseController.php(126): require('...')
#2 /var/www/html/yii/framework/web/CBaseController.php(95): CBaseController->renderInternal()
#3 /var/www/html/yii/framework/web/CController.php(872): CBaseController->renderFile()
#4 /var/www/html/yii/framework/web/CController.php(785): CController->renderPartial()
#5 /var/www/html/myapp/protected/controllers/UserController.php(37): CController->render()
#6 /var/www/html/yii/framework/web/actions/CInlineAction.php(49): UserController->actionForm()
#7 /var/www/html/yii/framework/web/CController.php(308): CInlineAction->runWithParams()
#8 /var/www/html/yii/framework/web/CController.php(286): CController->runAction()
#9 /var/www/html/yii/framework/web/CController.php(265): CController->runActionWithFilters()
#10 /var/www/html/yii/framework/web/CWebApplication.php(282): CController->run()
#11 /var/www/html/yii/framework/web/CWebApplication.php(141): CWebApplication->runController()
#12 /var/www/html/yii/framework/base/CApplication.php(185): CWebApplication->processRequest()
#13 /var/www/html/myapp/index.php(13): CApplication->run()
#14 {main}
REQUEST_URI=/myapp/index.php/user/form/
---
2025/01/03 15:20:49 [error] [exception.ArgumentCountError] ArgumentCountError: Too few arguments to function CActiveForm::labelEx(), 1 passed in /var/www/html/myapp/protected/views/user/form.php on line 16 and at least 2 expected in /var/www/html/yii/framework/web/widgets/CActiveForm.php:599
Stack trace:
#0 /var/www/html/myapp/protected/views/user/form.php(16): CActiveForm->labelEx()
#1 /var/www/html/yii/framework/web/CBaseController.php(126): require('...')
#2 /var/www/html/yii/framework/web/CBaseController.php(95): CBaseController->renderInternal()
#3 /var/www/html/yii/framework/web/CController.php(872): CBaseController->renderFile()
#4 /var/www/html/yii/framework/web/CController.php(785): CController->renderPartial()
#5 /var/www/html/myapp/protected/controllers/UserController.php(37): CController->render()
#6 /var/www/html/yii/framework/web/actions/CInlineAction.php(49): UserController->actionForm()
#7 /var/www/html/yii/framework/web/CController.php(308): CInlineAction->runWithParams()
#8 /var/www/html/yii/framework/web/CController.php(286): CController->runAction()
#9 /var/www/html/yii/framework/web/CController.php(265): CController->runActionWithFilters()
#10 /var/www/html/yii/framework/web/CWebApplication.php(282): CController->run()
#11 /var/www/html/yii/framework/web/CWebApplication.php(141): CWebApplication->runController()
#12 /var/www/html/yii/framework/base/CApplication.php(185): CWebApplication->processRequest()
#13 /var/www/html/myapp/index.php(13): CApplication->run()
#14 {main}
REQUEST_URI=/myapp/index.php/user/form/
---
2025/01/03 15:20:50 [error] [exception.ArgumentCountError] ArgumentCountError: Too few arguments to function CActiveForm::labelEx(), 1 passed in /var/www/html/myapp/protected/views/user/form.php on line 16 and at least 2 expected in /var/www/html/yii/framework/web/widgets/CActiveForm.php:599
Stack trace:
#0 /var/www/html/myapp/protected/views/user/form.php(16): CActiveForm->labelEx()
#1 /var/www/html/yii/framework/web/CBaseController.php(126): require('...')
#2 /var/www/html/yii/framework/web/CBaseController.php(95): CBaseController->renderInternal()
#3 /var/www/html/yii/framework/web/CController.php(872): CBaseController->renderFile()
#4 /var/www/html/yii/framework/web/CController.php(785): CController->renderPartial()
#5 /var/www/html/myapp/protected/controllers/UserController.php(37): CController->render()
#6 /var/www/html/yii/framework/web/actions/CInlineAction.php(49): UserController->actionForm()
#7 /var/www/html/yii/framework/web/CController.php(308): CInlineAction->runWithParams()
#8 /var/www/html/yii/framework/web/CController.php(286): CController->runAction()
#9 /var/www/html/yii/framework/web/CController.php(265): CController->runActionWithFilters()
#10 /var/www/html/yii/framework/web/CWebApplication.php(282): CController->run()
#11 /var/www/html/yii/framework/web/CWebApplication.php(141): CWebApplication->runController()
#12 /var/www/html/yii/framework/base/CApplication.php(185): CWebApplication->processRequest()
#13 /var/www/html/myapp/index.php(13): CApplication->run()
#14 {main}
REQUEST_URI=/myapp/index.php/user/form/
---
2025/01/03 15:20:50 [error] [exception.ArgumentCountError] ArgumentCountError: Too few arguments to function CActiveForm::labelEx(), 1 passed in /var/www/html/myapp/protected/views/user/form.php on line 16 and at least 2 expected in /var/www/html/yii/framework/web/widgets/CActiveForm.php:599
Stack trace:
#0 /var/www/html/myapp/protected/views/user/form.php(16): CActiveForm->labelEx()
#1 /var/www/html/yii/framework/web/CBaseController.php(126): require('...')
#2 /var/www/html/yii/framework/web/CBaseController.php(95): CBaseController->renderInternal()
#3 /var/www/html/yii/framework/web/CController.php(872): CBaseController->renderFile()
#4 /var/www/html/yii/framework/web/CController.php(785): CController->renderPartial()
#5 /var/www/html/myapp/protected/controllers/UserController.php(37): CController->render()
#6 /var/www/html/yii/framework/web/actions/CInlineAction.php(49): UserController->actionForm()
#7 /var/www/html/yii/framework/web/CController.php(308): CInlineAction->runWithParams()
#8 /var/www/html/yii/framework/web/CController.php(286): CController->runAction()
#9 /var/www/html/yii/framework/web/CController.php(265): CController->runActionWithFilters()
#10 /var/www/html/yii/framework/web/CWebApplication.php(282): CController->run()
#11 /var/www/html/yii/framework/web/CWebApplication.php(141): CWebApplication->runController()
#12 /var/www/html/yii/framework/base/CApplication.php(185): CWebApplication->processRequest()
#13 /var/www/html/myapp/index.php(13): CApplication->run()
#14 {main}
REQUEST_URI=/myapp/index.php/user/form/
---
2025/01/03 15:20:50 [error] [exception.ArgumentCountError] ArgumentCountError: Too few arguments to function CActiveForm::labelEx(), 1 passed in /var/www/html/myapp/protected/views/user/form.php on line 16 and at least 2 expected in /var/www/html/yii/framework/web/widgets/CActiveForm.php:599
Stack trace:
#0 /var/www/html/myapp/protected/views/user/form.php(16): CActiveForm->labelEx()
#1 /var/www/html/yii/framework/web/CBaseController.php(126): require('...')
#2 /var/www/html/yii/framework/web/CBaseController.php(95): CBaseController->renderInternal()
#3 /var/www/html/yii/framework/web/CController.php(872): CBaseController->renderFile()
#4 /var/www/html/yii/framework/web/CController.php(785): CController->renderPartial()
#5 /var/www/html/myapp/protected/controllers/UserController.php(37): CController->render()
#6 /var/www/html/yii/framework/web/actions/CInlineAction.php(49): UserController->actionForm()
#7 /var/www/html/yii/framework/web/CController.php(308): CInlineAction->runWithParams()
#8 /var/www/html/yii/framework/web/CController.php(286): CController->runAction()
#9 /var/www/html/yii/framework/web/CController.php(265): CController->runActionWithFilters()
#10 /var/www/html/yii/framework/web/CWebApplication.php(282): CController->run()
#11 /var/www/html/yii/framework/web/CWebApplication.php(141): CWebApplication->runController()
#12 /var/www/html/yii/framework/base/CApplication.php(185): CWebApplication->processRequest()
#13 /var/www/html/myapp/index.php(13): CApplication->run()
#14 {main}
REQUEST_URI=/myapp/index.php/user/form/
---
2025/01/03 15:20:50 [error] [exception.ArgumentCountError] ArgumentCountError: Too few arguments to function CActiveForm::labelEx(), 1 passed in /var/www/html/myapp/protected/views/user/form.php on line 16 and at least 2 expected in /var/www/html/yii/framework/web/widgets/CActiveForm.php:599
Stack trace:
#0 /var/www/html/myapp/protected/views/user/form.php(16): CActiveForm->labelEx()
#1 /var/www/html/yii/framework/web/CBaseController.php(126): require('...')
#2 /var/www/html/yii/framework/web/CBaseController.php(95): CBaseController->renderInternal()
#3 /var/www/html/yii/framework/web/CController.php(872): CBaseController->renderFile()
#4 /var/www/html/yii/framework/web/CController.php(785): CController->renderPartial()
#5 /var/www/html/myapp/protected/controllers/UserController.php(37): CController->render()
#6 /var/www/html/yii/framework/web/actions/CInlineAction.php(49): UserController->actionForm()
#7 /var/www/html/yii/framework/web/CController.php(308): CInlineAction->runWithParams()
#8 /var/www/html/yii/framework/web/CController.php(286): CController->runAction()
#9 /var/www/html/yii/framework/web/CController.php(265): CController->runActionWithFilters()
#10 /var/www/html/yii/framework/web/CWebApplication.php(282): CController->run()
#11 /var/www/html/yii/framework/web/CWebApplication.php(141): CWebApplication->runController()
#12 /var/www/html/yii/framework/base/CApplication.php(185): CWebApplication->processRequest()
#13 /var/www/html/myapp/index.php(13): CApplication->run()
#14 {main}
REQUEST_URI=/myapp/index.php/user/form/
---
2025/01/03 15:20:50 [error] [exception.ArgumentCountError] ArgumentCountError: Too few arguments to function CActiveForm::labelEx(), 1 passed in /var/www/html/myapp/protected/views/user/form.php on line 16 and at least 2 expected in /var/www/html/yii/framework/web/widgets/CActiveForm.php:599
Stack trace:
#0 /var/www/html/myapp/protected/views/user/form.php(16): CActiveForm->labelEx()
#1 /var/www/html/yii/framework/web/CBaseController.php(126): require('...')
#2 /var/www/html/yii/framework/web/CBaseController.php(95): CBaseController->renderInternal()
#3 /var/www/html/yii/framework/web/CController.php(872): CBaseController->renderFile()
#4 /var/www/html/yii/framework/web/CController.php(785): CController->renderPartial()
#5 /var/www/html/myapp/protected/controllers/UserController.php(37): CController->render()
#6 /var/www/html/yii/framework/web/actions/CInlineAction.php(49): UserController->actionForm()
#7 /var/www/html/yii/framework/web/CController.php(308): CInlineAction->runWithParams()
#8 /var/www/html/yii/framework/web/CController.php(286): CController->runAction()
#9 /var/www/html/yii/framework/web/CController.php(265): CController->runActionWithFilters()
#10 /var/www/html/yii/framework/web/CWebApplication.php(282): CController->run()
#11 /var/www/html/yii/framework/web/CWebApplication.php(141): CWebApplication->runController()
#12 /var/www/html/yii/framework/base/CApplication.php(185): CWebApplication->processRequest()
#13 /var/www/html/myapp/index.php(13): CApplication->run()
#14 {main}
REQUEST_URI=/myapp/index.php/user/form/
---
2025/01/03 15:20:51 [error] [exception.ArgumentCountError] ArgumentCountError: Too few arguments to function CActiveForm::labelEx(), 1 passed in /var/www/html/myapp/protected/views/user/form.php on line 16 and at least 2 expected in /var/www/html/yii/framework/web/widgets/CActiveForm.php:599
Stack trace:
#0 /var/www/html/myapp/protected/views/user/form.php(16): CActiveForm->labelEx()
#1 /var/www/html/yii/framework/web/CBaseController.php(126): require('...')
#2 /var/www/html/yii/framework/web/CBaseController.php(95): CBaseController->renderInternal()
#3 /var/www/html/yii/framework/web/CController.php(872): CBaseController->renderFile()
#4 /var/www/html/yii/framework/web/CController.php(785): CController->renderPartial()
#5 /var/www/html/myapp/protected/controllers/UserController.php(37): CController->render()
#6 /var/www/html/yii/framework/web/actions/CInlineAction.php(49): UserController->actionForm()
#7 /var/www/html/yii/framework/web/CController.php(308): CInlineAction->runWithParams()
#8 /var/www/html/yii/framework/web/CController.php(286): CController->runAction()
#9 /var/www/html/yii/framework/web/CController.php(265): CController->runActionWithFilters()
#10 /var/www/html/yii/framework/web/CWebApplication.php(282): CController->run()
#11 /var/www/html/yii/framework/web/CWebApplication.php(141): CWebApplication->runController()
#12 /var/www/html/yii/framework/base/CApplication.php(185): CWebApplication->processRequest()
#13 /var/www/html/myapp/index.php(13): CApplication->run()
#14 {main}
REQUEST_URI=/myapp/index.php/user/form/
---
2025/01/03 15:24:47 [error] [exception.CException] CException: Property "UserForm.gender" is not defined. in /var/www/html/yii/framework/base/CComponent.php:130
Stack trace:
#0 /var/www/html/yii/framework/web/helpers/CHtml.php(2784): CComponent->__get()
#1 /var/www/html/yii/framework/web/helpers/CHtml.php(2507): CHtml::resolveValue()
#2 /var/www/html/yii/framework/web/helpers/CHtml.php(1554): CHtml::activeInputField()
#3 /var/www/html/yii/framework/web/widgets/CActiveForm.php(793): CHtml::activeTextField()
#4 /var/www/html/myapp/protected/views/user/form.php(23): CActiveForm->textField()
#5 /var/www/html/yii/framework/web/CBaseController.php(126): require('...')
#6 /var/www/html/yii/framework/web/CBaseController.php(95): CBaseController->renderInternal()
#7 /var/www/html/yii/framework/web/CController.php(872): CBaseController->renderFile()
#8 /var/www/html/yii/framework/web/CController.php(785): CController->renderPartial()
#9 /var/www/html/myapp/protected/controllers/UserController.php(37): CController->render()
#10 /var/www/html/yii/framework/web/actions/CInlineAction.php(49): UserController->actionForm()
#11 /var/www/html/yii/framework/web/CController.php(308): CInlineAction->runWithParams()
#12 /var/www/html/yii/framework/web/CController.php(286): CController->runAction()
#13 /var/www/html/yii/framework/web/CController.php(265): CController->runActionWithFilters()
#14 /var/www/html/yii/framework/web/CWebApplication.php(282): CController->run()
#15 /var/www/html/yii/framework/web/CWebApplication.php(141): CWebApplication->runController()
#16 /var/www/html/yii/framework/base/CApplication.php(185): CWebApplication->processRequest()
#17 /var/www/html/myapp/index.php(13): CApplication->run()
#18 {main}
REQUEST_URI=/myapp/index.php/user/form/
---
2025/01/03 15:24:48 [error] [exception.CException] CException: Property "UserForm.gender" is not defined. in /var/www/html/yii/framework/base/CComponent.php:130
Stack trace:
#0 /var/www/html/yii/framework/web/helpers/CHtml.php(2784): CComponent->__get()
#1 /var/www/html/yii/framework/web/helpers/CHtml.php(2507): CHtml::resolveValue()
#2 /var/www/html/yii/framework/web/helpers/CHtml.php(1554): CHtml::activeInputField()
#3 /var/www/html/yii/framework/web/widgets/CActiveForm.php(793): CHtml::activeTextField()
#4 /var/www/html/myapp/protected/views/user/form.php(23): CActiveForm->textField()
#5 /var/www/html/yii/framework/web/CBaseController.php(126): require('...')
#6 /var/www/html/yii/framework/web/CBaseController.php(95): CBaseController->renderInternal()
#7 /var/www/html/yii/framework/web/CController.php(872): CBaseController->renderFile()
#8 /var/www/html/yii/framework/web/CController.php(785): CController->renderPartial()
#9 /var/www/html/myapp/protected/controllers/UserController.php(37): CController->render()
#10 /var/www/html/yii/framework/web/actions/CInlineAction.php(49): UserController->actionForm()
#11 /var/www/html/yii/framework/web/CController.php(308): CInlineAction->runWithParams()
#12 /var/www/html/yii/framework/web/CController.php(286): CController->runAction()
#13 /var/www/html/yii/framework/web/CController.php(265): CController->runActionWithFilters()
#14 /var/www/html/yii/framework/web/CWebApplication.php(282): CController->run()
#15 /var/www/html/yii/framework/web/CWebApplication.php(141): CWebApplication->runController()
#16 /var/www/html/yii/framework/base/CApplication.php(185): CWebApplication->processRequest()
#17 /var/www/html/myapp/index.php(13): CApplication->run()
#18 {main}
REQUEST_URI=/myapp/index.php/user/form/
---
2025/01/03 15:24:48 [error] [exception.CException] CException: Property "UserForm.gender" is not defined. in /var/www/html/yii/framework/base/CComponent.php:130
Stack trace:
#0 /var/www/html/yii/framework/web/helpers/CHtml.php(2784): CComponent->__get()
#1 /var/www/html/yii/framework/web/helpers/CHtml.php(2507): CHtml::resolveValue()
#2 /var/www/html/yii/framework/web/helpers/CHtml.php(1554): CHtml::activeInputField()
#3 /var/www/html/yii/framework/web/widgets/CActiveForm.php(793): CHtml::activeTextField()
#4 /var/www/html/myapp/protected/views/user/form.php(23): CActiveForm->textField()
#5 /var/www/html/yii/framework/web/CBaseController.php(126): require('...')
#6 /var/www/html/yii/framework/web/CBaseController.php(95): CBaseController->renderInternal()
#7 /var/www/html/yii/framework/web/CController.php(872): CBaseController->renderFile()
#8 /var/www/html/yii/framework/web/CController.php(785): CController->renderPartial()
#9 /var/www/html/myapp/protected/controllers/UserController.php(37): CController->render()
#10 /var/www/html/yii/framework/web/actions/CInlineAction.php(49): UserController->actionForm()
#11 /var/www/html/yii/framework/web/CController.php(308): CInlineAction->runWithParams()
#12 /var/www/html/yii/framework/web/CController.php(286): CController->runAction()
#13 /var/www/html/yii/framework/web/CController.php(265): CController->runActionWithFilters()
#14 /var/www/html/yii/framework/web/CWebApplication.php(282): CController->run()
#15 /var/www/html/yii/framework/web/CWebApplication.php(141): CWebApplication->runController()
#16 /var/www/html/yii/framework/base/CApplication.php(185): CWebApplication->processRequest()
#17 /var/www/html/myapp/index.php(13): CApplication->run()
#18 {main}
REQUEST_URI=/myapp/index.php/user/form/
---
2025/01/03 15:24:48 [error] [exception.CException] CException: Property "UserForm.gender" is not defined. in /var/www/html/yii/framework/base/CComponent.php:130
Stack trace:
#0 /var/www/html/yii/framework/web/helpers/CHtml.php(2784): CComponent->__get()
#1 /var/www/html/yii/framework/web/helpers/CHtml.php(2507): CHtml::resolveValue()
#2 /var/www/html/yii/framework/web/helpers/CHtml.php(1554): CHtml::activeInputField()
#3 /var/www/html/yii/framework/web/widgets/CActiveForm.php(793): CHtml::activeTextField()
#4 /var/www/html/myapp/protected/views/user/form.php(23): CActiveForm->textField()
#5 /var/www/html/yii/framework/web/CBaseController.php(126): require('...')
#6 /var/www/html/yii/framework/web/CBaseController.php(95): CBaseController->renderInternal()
#7 /var/www/html/yii/framework/web/CController.php(872): CBaseController->renderFile()
#8 /var/www/html/yii/framework/web/CController.php(785): CController->renderPartial()
#9 /var/www/html/myapp/protected/controllers/UserController.php(37): CController->render()
#10 /var/www/html/yii/framework/web/actions/CInlineAction.php(49): UserController->actionForm()
#11 /var/www/html/yii/framework/web/CController.php(308): CInlineAction->runWithParams()
#12 /var/www/html/yii/framework/web/CController.php(286): CController->runAction()
#13 /var/www/html/yii/framework/web/CController.php(265): CController->runActionWithFilters()
#14 /var/www/html/yii/framework/web/CWebApplication.php(282): CController->run()
#15 /var/www/html/yii/framework/web/CWebApplication.php(141): CWebApplication->runController()
#16 /var/www/html/yii/framework/base/CApplication.php(185): CWebApplication->processRequest()
#17 /var/www/html/myapp/index.php(13): CApplication->run()
#18 {main}
REQUEST_URI=/myapp/index.php/user/form/
---
2025/01/03 15:24:48 [error] [exception.CException] CException: Property "UserForm.gender" is not defined. in /var/www/html/yii/framework/base/CComponent.php:130
Stack trace:
#0 /var/www/html/yii/framework/web/helpers/CHtml.php(2784): CComponent->__get()
#1 /var/www/html/yii/framework/web/helpers/CHtml.php(2507): CHtml::resolveValue()
#2 /var/www/html/yii/framework/web/helpers/CHtml.php(1554): CHtml::activeInputField()
#3 /var/www/html/yii/framework/web/widgets/CActiveForm.php(793): CHtml::activeTextField()
#4 /var/www/html/myapp/protected/views/user/form.php(23): CActiveForm->textField()
#5 /var/www/html/yii/framework/web/CBaseController.php(126): require('...')
#6 /var/www/html/yii/framework/web/CBaseController.php(95): CBaseController->renderInternal()
#7 /var/www/html/yii/framework/web/CController.php(872): CBaseController->renderFile()
#8 /var/www/html/yii/framework/web/CController.php(785): CController->renderPartial()
#9 /var/www/html/myapp/protected/controllers/UserController.php(37): CController->render()
#10 /var/www/html/yii/framework/web/actions/CInlineAction.php(49): UserController->actionForm()
#11 /var/www/html/yii/framework/web/CController.php(308): CInlineAction->runWithParams()
#12 /var/www/html/yii/framework/web/CController.php(286): CController->runAction()
#13 /var/www/html/yii/framework/web/CController.php(265): CController->runActionWithFilters()
#14 /var/www/html/yii/framework/web/CWebApplication.php(282): CController->run()
#15 /var/www/html/yii/framework/web/CWebApplication.php(141): CWebApplication->runController()
#16 /var/www/html/yii/framework/base/CApplication.php(185): CWebApplication->processRequest()
#17 /var/www/html/myapp/index.php(13): CApplication->run()
#18 {main}
REQUEST_URI=/myapp/index.php/user/form/
---
2025/01/03 15:24:48 [error] [exception.CException] CException: Property "UserForm.gender" is not defined. in /var/www/html/yii/framework/base/CComponent.php:130
Stack trace:
#0 /var/www/html/yii/framework/web/helpers/CHtml.php(2784): CComponent->__get()
#1 /var/www/html/yii/framework/web/helpers/CHtml.php(2507): CHtml::resolveValue()
#2 /var/www/html/yii/framework/web/helpers/CHtml.php(1554): CHtml::activeInputField()
#3 /var/www/html/yii/framework/web/widgets/CActiveForm.php(793): CHtml::activeTextField()
#4 /var/www/html/myapp/protected/views/user/form.php(23): CActiveForm->textField()
#5 /var/www/html/yii/framework/web/CBaseController.php(126): require('...')
#6 /var/www/html/yii/framework/web/CBaseController.php(95): CBaseController->renderInternal()
#7 /var/www/html/yii/framework/web/CController.php(872): CBaseController->renderFile()
#8 /var/www/html/yii/framework/web/CController.php(785): CController->renderPartial()
#9 /var/www/html/myapp/protected/controllers/UserController.php(37): CController->render()
#10 /var/www/html/yii/framework/web/actions/CInlineAction.php(49): UserController->actionForm()
#11 /var/www/html/yii/framework/web/CController.php(308): CInlineAction->runWithParams()
#12 /var/www/html/yii/framework/web/CController.php(286): CController->runAction()
#13 /var/www/html/yii/framework/web/CController.php(265): CController->runActionWithFilters()
#14 /var/www/html/yii/framework/web/CWebApplication.php(282): CController->run()
#15 /var/www/html/yii/framework/web/CWebApplication.php(141): CWebApplication->runController()
#16 /var/www/html/yii/framework/base/CApplication.php(185): CWebApplication->processRequest()
#17 /var/www/html/myapp/index.php(13): CApplication->run()
#18 {main}
REQUEST_URI=/myapp/index.php/user/form/
---
2025/01/03 15:49:37 [error] [exception.CException] CException: UserForm and its behaviors do not have a method or closure named "save". in /var/www/html/yii/framework/base/CComponent.php:264
Stack trace:
#0 /var/www/html/myapp/protected/controllers/UserController.php(42): CComponent->__call()
#1 /var/www/html/yii/framework/web/actions/CInlineAction.php(49): UserController->actionForm()
#2 /var/www/html/yii/framework/web/CController.php(308): CInlineAction->runWithParams()
#3 /var/www/html/yii/framework/web/CController.php(286): CController->runAction()
#4 /var/www/html/yii/framework/web/CController.php(265): CController->runActionWithFilters()
#5 /var/www/html/yii/framework/web/CWebApplication.php(282): CController->run()
#6 /var/www/html/yii/framework/web/CWebApplication.php(141): CWebApplication->runController()
#7 /var/www/html/yii/framework/base/CApplication.php(185): CWebApplication->processRequest()
#8 /var/www/html/myapp/index.php(13): CApplication->run()
#9 {main}
REQUEST_URI=/myapp/index.php/user/form/
HTTP_REFERER=http://localhost/myapp/index.php/user/form/
---
